[1] "2016-11-26 21:56:12 1311cc8c0fb3-6372: Starting"
[1] "2016-11-26 21:56:13 1311cc8c0fb3-6372: Done loading data, start predicting"
[1] "2016-11-26 21:56:13 1311cc8c0fb3-6372: Running AverageARIMA"
[1][1] "2016-11-26 21:56:14 1311cc8c0fb3-6385: Starting"
 "2016-11-26 21:56:14 1311cc8c0fb3-6383: Starting"
[1][1][1] "2016-11-26 21:56:14 1311cc8c0fb3-6382: Starting" "2016-11-26 21:56:14 1311cc8c0fb3-6380: Starting"

 "2016-11-26 21:56:14 1311cc8c0fb3-6381: Starting"
[1] "2016-11-26 21:56:14 1311cc8c0fb3-6384: Starting"
[1] "2016-11-26 21:56:14 1311cc8c0fb3-6386: Starting"
[1] "2016-11-26 21:56:14 1311cc8c0fb3-6387: Starting"
[1] "2016-11-26 21:56:21 1311cc8c0fb3-6383: averageARIMA|zone.4|period 1|Done in 7.02059602737427"
[1] "2016-11-26 21:56:22 1311cc8c0fb3-6380: averageARIMA|zone.1|period 1|Done in 7.59123158454895"
[1] "2016-11-26 21:56:22 1311cc8c0fb3-6381: averageARIMA|zone.2|period 1|Done in 7.7777099609375"
[1] "2016-11-26 21:56:22 1311cc8c0fb3-6386: averageARIMA|zone.7|period 1|Done in 7.79008841514587"
[1] "2016-11-26 21:56:22 1311cc8c0fb3-6382: averageARIMA|zone.3|period 1|Done in 7.92258834838867"
[1] "2016-11-26 21:56:22 1311cc8c0fb3-6384: averageARIMA|zone.5|period 1|Done in 7.93801259994507"
[1] "2016-11-26 21:56:22 1311cc8c0fb3-6387: averageARIMA|zone.8|period 1|Done in 7.88740968704224"
[1] "2016-11-26 21:56:22 1311cc8c0fb3-6385: averageARIMA|zone.6|period 1|Done in 7.97727084159851"
[1] "2016-11-26 21:56:26 1311cc8c0fb3-6383: averageARIMA|zone.4|period 2|Done in 4.80718803405762"
[1] "2016-11-26 21:56:27 1311cc8c0fb3-6384: averageARIMA|zone.5|period 2|Done in 5.03008008003235"
[1] "2016-11-26 21:56:28 1311cc8c0fb3-6382: averageARIMA|zone.3|period 2|Done in 6.59461641311646"
[1] "2016-11-26 21:56:28 1311cc8c0fb3-6386: averageARIMA|zone.7|period 2|Done in 6.69967246055603"
[1] "2016-11-26 21:56:29 1311cc8c0fb3-6381: averageARIMA|zone.2|period 2|Done in 7.0102870464325"
[1] "2016-11-26 21:56:29 1311cc8c0fb3-6385: averageARIMA|zone.6|period 2|Done in 6.83855199813843"
[1] "2016-11-26 21:56:30 1311cc8c0fb3-6387: averageARIMA|zone.8|period 2|Done in 8.09709596633911"
[1] "2016-11-26 21:56:31 1311cc8c0fb3-6384: averageARIMA|zone.5|period 3|Done in 4.49750018119812"
[1] "2016-11-26 21:56:34 1311cc8c0fb3-6387: averageARIMA|zone.8|period 3|Done in 4.12010645866394"
[1] "2016-11-26 21:56:34 1311cc8c0fb3-6382: averageARIMA|zone.3|period 3|Done in 5.93992948532104"
[1] "2016-11-26 21:56:35 1311cc8c0fb3-6386: averageARIMA|zone.7|period 3|Done in 6.12550497055054"
[1] "2016-11-26 21:56:35 1311cc8c0fb3-6381: averageARIMA|zone.2|period 3|Done in 6.12965130805969"
[1] "2016-11-26 21:56:35 1311cc8c0fb3-6385: averageARIMA|zone.6|period 3|Done in 6.26397347450256"
[1] "2016-11-26 21:56:38 1311cc8c0fb3-6384: averageARIMA|zone.5|period 4|Done in 6.27486157417297"
[1] "2016-11-26 21:56:38 1311cc8c0fb3-6384: Starting"
[1] "2016-11-26 21:56:39 1311cc8c0fb3-6387: averageARIMA|zone.8|period 4|Done in 4.51699137687683"
[1] "2016-11-26 21:56:39 1311cc8c0fb3-6387: Starting"
[1] "2016-11-26 21:56:40 1311cc8c0fb3-6382: averageARIMA|zone.3|period 4|Done in 5.52364039421082"
[1] "2016-11-26 21:56:40 1311cc8c0fb3-6382: Starting"
[1] "2016-11-26 21:56:40 1311cc8c0fb3-6386: averageARIMA|zone.7|period 4|Done in 5.56632328033447"
[1] "2016-11-26 21:56:40 1311cc8c0fb3-6386: Starting"
[1] "2016-11-26 21:56:41 1311cc8c0fb3-6381: averageARIMA|zone.2|period 4|Done in 5.71443223953247"
[1] "2016-11-26 21:56:41 1311cc8c0fb3-6381: Starting"
[1] "2016-11-26 21:56:41 1311cc8c0fb3-6385: averageARIMA|zone.6|period 4|Done in 5.56792712211609"
[1] "2016-11-26 21:56:41 1311cc8c0fb3-6385: Starting"
[1] "2016-11-26 21:56:42 1311cc8c0fb3-6383: averageARIMA|zone.4|period 3|Done in 16.633469581604"
[1] "2016-11-26 21:56:44 1311cc8c0fb3-6387: averageARIMA|zone.16|period 1|Done in 4.8608832359314"
[1] "2016-11-26 21:56:45 1311cc8c0fb3-6382: averageARIMA|zone.11|period 1|Done in 5.07646918296814"
[1] "2016-11-26 21:56:46 1311cc8c0fb3-6385: averageARIMA|zone.14|period 1|Done in 5.06493830680847"
[1] "2016-11-26 21:56:46 1311cc8c0fb3-6386: averageARIMA|zone.15|period 1|Done in 6.11701440811157"
[1] "2016-11-26 21:56:47 1311cc8c0fb3-6383: averageARIMA|zone.4|period 4|Done in 4.94924592971802"
[1] "2016-11-26 21:56:47 1311cc8c0fb3-6383: Starting"
[1] "2016-11-26 21:56:48 1311cc8c0fb3-6384: averageARIMA|zone.13|period 1|Done in 9.87179946899414"
[1] "2016-11-26 21:56:49 1311cc8c0fb3-6382: averageARIMA|zone.11|period 2|Done in 3.94439148902893"
[1] "2016-11-26 21:56:50 1311cc8c0fb3-6385: averageARIMA|zone.14|period 2|Done in 4.09594583511353"
[1] "2016-11-26 21:56:51 1311cc8c0fb3-6387: averageARIMA|zone.16|period 2|Done in 7.10522413253784"
[1] "2016-11-26 21:56:52 1311cc8c0fb3-6383: averageARIMA|zone.12|period 1|Done in 4.17687845230103"
[1] "2016-11-26 21:56:52 1311cc8c0fb3-6384: averageARIMA|zone.13|period 2|Done in 4.20876932144165"
[1] "2016-11-26 21:56:53 1311cc8c0fb3-6386: averageARIMA|zone.15|period 2|Done in 6.34863686561584"
[1] "2016-11-26 21:56:53 1311cc8c0fb3-6382: averageARIMA|zone.11|period 3|Done in 4.20469641685486"
[1] "2016-11-26 21:56:54 1311cc8c0fb3-6380: averageARIMA|zone.1|period 2|Done in 32.390321969986"
[1] "2016-11-26 21:56:54 1311cc8c0fb3-6385: averageARIMA|zone.14|period 3|Done in 4.2600085735321"
[1] "2016-11-26 21:56:56 1311cc8c0fb3-6381: averageARIMA|zone.10|period 1|Done in 15.3147163391113"
[1] "2016-11-26 21:56:58 1311cc8c0fb3-6382: averageARIMA|zone.11|period 4|Done in 4.56851077079773"
[1] "2016-11-26 21:56:58 1311cc8c0fb3-6382: Starting"
[1] "2016-11-26 21:56:58 1311cc8c0fb3-6383: averageARIMA|zone.12|period 2|Done in 6.45529699325562"
[1] "2016-11-26 21:56:58 1311cc8c0fb3-6386: averageARIMA|zone.15|period 3|Done in 5.44061160087585"
[1] "2016-11-26 21:56:59 1311cc8c0fb3-6387: averageARIMA|zone.16|period 3|Done in 8.26618576049805"
[1] "2016-11-26 21:57:00 1311cc8c0fb3-6385: averageARIMA|zone.14|period 4|Done in 5.96815705299377"
[1] "2016-11-26 21:57:00 1311cc8c0fb3-6381: averageARIMA|zone.10|period 2|Done in 4.3362147808075"
[1] "2016-11-26 21:57:02 1311cc8c0fb3-6380: averageARIMA|zone.1|period 3|Done in 7.90247249603271"
[1] "2016-11-26 21:57:02 1311cc8c0fb3-6384: averageARIMA|zone.13|period 3|Done in 10.394642829895"
[1] "2016-11-26 21:57:03 1311cc8c0fb3-6383: averageARIMA|zone.12|period 3|Done in 4.61789321899414"
[1] "2016-11-26 21:57:03 1311cc8c0fb3-6386: averageARIMA|zone.15|period 4|Done in 5.02444863319397"
[1] "2016-11-26 21:57:05 1311cc8c0fb3-6381: averageARIMA|zone.10|period 3|Done in 4.40323805809021"
[1] "2016-11-26 21:57:05 1311cc8c0fb3-6387: averageARIMA|zone.16|period 4|Done in 5.8531506061554"
[1] "2016-11-26 21:57:06 1311cc8c0fb3-6384: averageARIMA|zone.13|period 4|Done in 4.06517720222473"
[1] "2016-11-26 21:57:08 1311cc8c0fb3-6381: averageARIMA|zone.10|period 4|Done in 3.69567346572876"
[1] "2016-11-26 21:57:08 1311cc8c0fb3-6381: Starting"
[1] "2016-11-26 21:57:09 1311cc8c0fb3-6383: averageARIMA|zone.12|period 4|Done in 5.99580860137939"
[1] "2016-11-26 21:57:09 1311cc8c0fb3-6383: Starting"
[1] "2016-11-26 21:57:10 1311cc8c0fb3-6380: averageARIMA|zone.1|period 4|Done in 8.23282623291016"
[1] "2016-11-26 21:57:10 1311cc8c0fb3-6380: Starting"
[1] "2016-11-26 21:57:11 1311cc8c0fb3-6381: averageARIMA|zone.18|period 1|Done in 3.06055426597595"
[1] "2016-11-26 21:57:13 1311cc8c0fb3-6383: averageARIMA|zone.20|period 1|Done in 4.79738259315491"
[1] "2016-11-26 21:57:15 1311cc8c0fb3-6380: averageARIMA|zone.9|period 1|Done in 5.13726592063904"
[1] "2016-11-26 21:57:16 1311cc8c0fb3-6381: averageARIMA|zone.18|period 2|Done in 4.40804123878479"
[1] "2016-11-26 21:57:18 1311cc8c0fb3-6383: averageARIMA|zone.20|period 2|Done in 4.24089002609253"
[1] "2016-11-26 21:57:19 1311cc8c0fb3-6380: averageARIMA|zone.9|period 2|Done in 3.37158799171448"
[1] "2016-11-26 21:57:20 1311cc8c0fb3-6381: averageARIMA|zone.18|period 3|Done in 3.69160556793213"
[1] "2016-11-26 21:57:21 1311cc8c0fb3-6380: averageARIMA|zone.9|period 3|Done in 2.78005981445312"
[1] "2016-11-26 21:57:21 1311cc8c0fb3-6382: averageARIMA|zone.19|period 1|Done in 23.6289954185486"
[1] "2016-11-26 21:57:21 1311cc8c0fb3-6383: averageARIMA|zone.20|period 3|Done in 3.81546950340271"
[1] "2016-11-26 21:57:24 1311cc8c0fb3-6381: averageARIMA|zone.18|period 4|Done in 4.39021396636963"
[1] "2016-11-26 21:57:26 1311cc8c0fb3-6380: averageARIMA|zone.9|period 4|Done in 4.39014172554016"
[1] "2016-11-26 21:57:26 1311cc8c0fb3-6380: Starting"
[1] "2016-11-26 21:57:26 1311cc8c0fb3-6383: averageARIMA|zone.20|period 4|Done in 4.54997730255127"
[1] "2016-11-26 21:57:26 1311cc8c0fb3-6382: averageARIMA|zone.19|period 2|Done in 4.73313426971436"
[1] "2016-11-26 21:57:29 1311cc8c0fb3-6382: averageARIMA|zone.19|period 3|Done in 3.34588241577148"
[1] "2016-11-26 21:57:31 1311cc8c0fb3-6380: averageARIMA|zone.17|period 1|Done in 4.85604357719421"
[1] "2016-11-26 21:57:33 1311cc8c0fb3-6382: averageARIMA|zone.19|period 4|Done in 3.74157476425171"
[1] "2016-11-26 21:57:33 1311cc8c0fb3-6380: averageARIMA|zone.17|period 2|Done in 2.77309060096741"
[1] "2016-11-26 21:57:37 1311cc8c0fb3-6380: averageARIMA|zone.17|period 3|Done in 4.00110936164856"
[1] "2016-11-26 21:57:42 1311cc8c0fb3-6380: averageARIMA|zone.17|period 4|Done in 4.40825343132019"

[1] "2016-11-26 22:28:10 1311cc8c0fb3-6495: Starting"
[1] "2016-11-26 22:28:11 1311cc8c0fb3-6495: Done loading data, start predicting"
[1] "2016-11-26 22:28:11 1311cc8c0fb3-6495: Running DSHW"
[1][1][1][1][1][1] "2016-11-26 22:28:12 1311cc8c0fb3-6506: Starting" "2016-11-26 22:28:12 1311cc8c0fb3-6508: Starting"

[1] "2016-11-26 22:28:12 1311cc8c0fb3-6504: Starting"
 "2016-11-26 22:28:12 1311cc8c0fb3-6505: Starting"
 "2016-11-26 22:28:12 1311cc8c0fb3-6509: Starting" "2016-11-26 22:28:12 1311cc8c0fb3-6503: Starting"

 "2016-11-26 22:28:12 1311cc8c0fb3-6510: Starting"
[1] "2016-11-26 22:28:12 1311cc8c0fb3-6507: Starting"
[1] "2016-11-26 22:29:25 1311cc8c0fb3-6503: OriginalDSHW|zone.1|period 1|Done in 72.6586372852325"
[1] "2016-11-26 22:29:33 1311cc8c0fb3-6508: OriginalDSHW|zone.6|period 1|Done in 80.6383256912231"
[1] "2016-11-26 22:29:42 1311cc8c0fb3-6505: OriginalDSHW|zone.3|period 1|Done in 89.9938762187958"
[1] "2016-11-26 22:29:43 1311cc8c0fb3-6506: OriginalDSHW|zone.4|period 1|Done in 90.425920009613"
[1] "2016-11-26 22:29:43 1311cc8c0fb3-6509: OriginalDSHW|zone.7|period 1|Done in 90.5100889205933"
[1] "2016-11-26 22:29:43 1311cc8c0fb3-6504: OriginalDSHW|zone.2|period 1|Done in 91.1195902824402"
[1] "2016-11-26 22:29:44 1311cc8c0fb3-6510: OriginalDSHW|zone.8|period 1|Done in 92.2885236740112"
[1] "2016-11-26 22:30:48 1311cc8c0fb3-6507: OriginalDSHW|zone.5|period 1|Done in 156.334741830826"
[1] "2016-11-26 22:31:02 1311cc8c0fb3-6505: OriginalDSHW|zone.3|period 2|Done in 80.234682559967"
[1] "2016-11-26 22:31:04 1311cc8c0fb3-6509: OriginalDSHW|zone.7|period 2|Done in 80.9468755722046"
[1] "2016-11-26 22:31:04 1311cc8c0fb3-6504: OriginalDSHW|zone.2|period 2|Done in 80.9292361736298"
[1] "2016-11-26 22:31:07 1311cc8c0fb3-6503: OriginalDSHW|zone.1|period 2|Done in 101.859969139099"
[1] "2016-11-26 22:31:14 1311cc8c0fb3-6508: OriginalDSHW|zone.6|period 2|Done in 101.127817153931"
[1] "2016-11-26 22:31:57 1311cc8c0fb3-6510: OriginalDSHW|zone.8|period 2|Done in 132.77817773819"
[1] "2016-11-26 22:32:02 1311cc8c0fb3-6506: OriginalDSHW|zone.4|period 2|Done in 139.795395851135"
[1] "2016-11-26 22:32:04 1311cc8c0fb3-6507: OriginalDSHW|zone.5|period 2|Done in 75.4193716049194"
[1] "2016-11-26 22:32:36 1311cc8c0fb3-6505: OriginalDSHW|zone.3|period 3|Done in 93.3613348007202"
[1] "2016-11-26 22:32:38 1311cc8c0fb3-6509: OriginalDSHW|zone.7|period 3|Done in 94.0861494541168"
[1] "2016-11-26 22:32:38 1311cc8c0fb3-6504: OriginalDSHW|zone.2|period 3|Done in 93.8825967311859"
[1] "2016-11-26 22:32:40 1311cc8c0fb3-6508: OriginalDSHW|zone.6|period 3|Done in 86.4336881637573"
[1] "2016-11-26 22:32:53 1311cc8c0fb3-6503: OriginalDSHW|zone.1|period 3|Done in 106.362224578857"
[1] "2016-11-26 22:33:49 1311cc8c0fb3-6506: OriginalDSHW|zone.4|period 3|Done in 106.681983947754"
[1] "2016-11-26 22:33:50 1311cc8c0fb3-6507: OriginalDSHW|zone.5|period 3|Done in 106.094784498215"
[1] "2016-11-26 22:34:31 1311cc8c0fb3-6504: OriginalDSHW|zone.2|period 4|Done in 112.979936361313"
[1] "2016-11-26 22:34:31 1311cc8c0fb3-6504: Starting"
[1] "2016-11-26 22:34:47 1311cc8c0fb3-6505: OriginalDSHW|zone.3|period 4|Done in 131.672640800476"
[1] "2016-11-26 22:34:47 1311cc8c0fb3-6505: Starting"
[1] "2016-11-26 22:34:50 1311cc8c0fb3-6509: OriginalDSHW|zone.7|period 4|Done in 132.467174053192"
[1] "2016-11-26 22:34:50 1311cc8c0fb3-6509: Starting"
[1] "2016-11-26 22:34:52 1311cc8c0fb3-6510: OriginalDSHW|zone.8|period 3|Done in 174.463978767395"
[1] "2016-11-26 22:35:31 1311cc8c0fb3-6507: OriginalDSHW|zone.5|period 4|Done in 100.852262735367"
[1] "2016-11-26 22:35:31 1311cc8c0fb3-6507: Starting"
[1] "2016-11-26 22:35:37 1311cc8c0fb3-6508: OriginalDSHW|zone.6|period 4|Done in 176.473746061325"
[1] "2016-11-26 22:35:37 1311cc8c0fb3-6508: Starting"
[1] "2016-11-26 22:35:45 1311cc8c0fb3-6504: OriginalDSHW|zone.10|period 1|Done in 73.9463150501251"
[1] "2016-11-26 22:35:47 1311cc8c0fb3-6506: OriginalDSHW|zone.4|period 4|Done in 118.074405908585"
[1] "2016-11-26 22:35:47 1311cc8c0fb3-6506: Starting"
[1] "2016-11-26 22:35:50 1311cc8c0fb3-6503: OriginalDSHW|zone.1|period 4|Done in 177.421710014343"
[1] "2016-11-26 22:35:50 1311cc8c0fb3-6503: Starting"
[1] "2016-11-26 22:36:23 1311cc8c0fb3-6510: OriginalDSHW|zone.8|period 4|Done in 91.6863217353821"
[1] "2016-11-26 22:36:23 1311cc8c0fb3-6510: Starting"
[1] "2016-11-26 22:36:39 1311cc8c0fb3-6509: OriginalDSHW|zone.15|period 1|Done in 108.38741517067"
[1] "2016-11-26 22:36:43 1311cc8c0fb3-6505: OriginalDSHW|zone.11|period 1|Done in 115.398906707764"
[1] "2016-11-26 22:36:48 1311cc8c0fb3-6507: OriginalDSHW|zone.13|period 1|Done in 77.3583333492279"
[1] "2016-11-26 22:37:20 1311cc8c0fb3-6506: OriginalDSHW|zone.12|period 1|Done in 92.8053574562073"
[1] "2016-11-26 22:37:36 1311cc8c0fb3-6503: OriginalDSHW|zone.9|period 1|Done in 105.21102142334"
[1] "2016-11-26 22:37:55 1311cc8c0fb3-6510: OriginalDSHW|zone.16|period 1|Done in 91.9266827106476"
[1] "2016-11-26 22:37:57 1311cc8c0fb3-6509: OriginalDSHW|zone.15|period 2|Done in 78.1132533550262"
[1] "2016-11-26 22:38:02 1311cc8c0fb3-6504: OriginalDSHW|zone.10|period 2|Done in 136.474113941193"
[1] "2016-11-26 22:38:09 1311cc8c0fb3-6508: OriginalDSHW|zone.14|period 1|Done in 151.707264184952"
[1] "2016-11-26 22:38:15 1311cc8c0fb3-6505: OriginalDSHW|zone.11|period 2|Done in 91.9362983703613"
[1] "2016-11-26 22:38:18 1311cc8c0fb3-6507: OriginalDSHW|zone.13|period 2|Done in 89.5961301326752"
[1] "2016-11-26 22:38:41 1311cc8c0fb3-6506: OriginalDSHW|zone.12|period 2|Done in 80.7423198223114"
[1] "2016-11-26 22:38:58 1311cc8c0fb3-6503: OriginalDSHW|zone.9|period 2|Done in 82.0837025642395"
[1] "2016-11-26 22:39:13 1311cc8c0fb3-6510: OriginalDSHW|zone.16|period 2|Done in 77.436957359314"
[1] "2016-11-26 22:39:15 1311cc8c0fb3-6504: OriginalDSHW|zone.10|period 3|Done in 73.8834652900696"
[1] "2016-11-26 22:39:27 1311cc8c0fb3-6508: OriginalDSHW|zone.14|period 2|Done in 77.9985044002533"
[1] "2016-11-26 22:39:30 1311cc8c0fb3-6509: OriginalDSHW|zone.15|period 3|Done in 93.4644553661346"
[1] "2016-11-26 22:39:39 1311cc8c0fb3-6505: OriginalDSHW|zone.11|period 3|Done in 84.3563239574432"
[1] "2016-11-26 22:39:59 1311cc8c0fb3-6506: OriginalDSHW|zone.12|period 3|Done in 77.8823659420013"
[1] "2016-11-26 22:40:35 1311cc8c0fb3-6507: OriginalDSHW|zone.13|period 3|Done in 136.802629470825"
[1] "2016-11-26 22:40:40 1311cc8c0fb3-6510: OriginalDSHW|zone.16|period 3|Done in 87.1183166503906"
[1] "2016-11-26 22:40:59 1311cc8c0fb3-6503: Starting"
[1] "2016-11-26 22:41:08 1311cc8c0fb3-6504: OriginalDSHW|zone.10|period 4|Done in 112.910690069199"
[1] "2016-11-26 22:41:08 1311cc8c0fb3-6504: Starting"
[1] "2016-11-26 22:41:13 1311cc8c0fb3-6505: OriginalDSHW|zone.11|period 4|Done in 93.336222410202"
[1] "2016-11-26 22:41:13 1311cc8c0fb3-6505: Starting"
[1] "2016-11-26 22:41:13 1311cc8c0fb3-6509: OriginalDSHW|zone.15|period 4|Done in 102.567488908768"
[1] "2016-11-26 22:41:23 1311cc8c0fb3-6508: OriginalDSHW|zone.14|period 3|Done in 115.967297792435"
[1] "2016-11-26 22:42:01 1311cc8c0fb3-6507: OriginalDSHW|zone.13|period 4|Done in 85.9127209186554"
[1] "2016-11-26 22:42:09 1311cc8c0fb3-6506: OriginalDSHW|zone.12|period 4|Done in 130.498738765717"
[1] "2016-11-26 22:42:09 1311cc8c0fb3-6506: Starting"
[1] "2016-11-26 22:42:18 1311cc8c0fb3-6510: OriginalDSHW|zone.16|period 4|Done in 98.3749051094055"
[1] "2016-11-26 22:42:35 1311cc8c0fb3-6503: OriginalDSHW|zone.17|period 1|Done in 95.9216303825378"
[1] "2016-11-26 22:42:53 1311cc8c0fb3-6504: OriginalDSHW|zone.18|period 1|Done in 104.990826845169"
[1] "2016-11-26 22:43:02 1311cc8c0fb3-6506: OriginalDSHW|zone.20|period 1|Done in 52.5041396617889"
[1] "2016-11-26 22:43:09 1311cc8c0fb3-6505: OriginalDSHW|zone.19|period 1|Done in 116.777362823486"
[1] "2016-11-26 22:43:21 1311cc8c0fb3-6508: OriginalDSHW|zone.14|period 4|Done in 118.119480848312"
[1] "2016-11-26 22:43:50 1311cc8c0fb3-6504: OriginalDSHW|zone.18|period 2|Done in 56.1923458576202"
[1] "2016-11-26 22:44:12 1311cc8c0fb3-6505: OriginalDSHW|zone.19|period 2|Done in 62.1356570720673"
[1] "2016-11-26 22:44:16 1311cc8c0fb3-6506: OriginalDSHW|zone.20|period 2|Done in 74.5108749866486"
[1] "2016-11-26 22:44:53 1311cc8c0fb3-6503: OriginalDSHW|zone.17|period 2|Done in 138.040692567825"
[1] "2016-11-26 22:45:03 1311cc8c0fb3-6504: OriginalDSHW|zone.18|period 3|Done in 73.8231866359711"
[1] "2016-11-26 22:45:15 1311cc8c0fb3-6506: OriginalDSHW|zone.20|period 3|Done in 58.4214580059052"
[1] "2016-11-26 22:45:41 1311cc8c0fb3-6505: OriginalDSHW|zone.19|period 3|Done in 89.3203065395355"
[1] "2016-11-26 22:45:50 1311cc8c0fb3-6503: OriginalDSHW|zone.17|period 3|Done in 56.7344951629639"
[1] "2016-11-26 22:46:26 1311cc8c0fb3-6506: OriginalDSHW|zone.20|period 4|Done in 71.0834748744965"
[1] "2016-11-26 22:46:45 1311cc8c0fb3-6503: OriginalDSHW|zone.17|period 4|Done in 55.2016630172729"
[1] "2016-11-26 22:46:53 1311cc8c0fb3-6505: OriginalDSHW|zone.19|period 4|Done in 71.9155495166779"
[1] "2016-11-26 22:46:58 1311cc8c0fb3-6504: OriginalDSHW|zone.18|period 4|Done in 114.208935022354"
[1] "2016-11-26 22:47:44 1311cc8c0fb3-6495: Running ModifiedDSHW"
[1] "2016-11-26 22:47:44 1311cc8c0fb3-6511: Starting"
[1] "2016-11-26 22:47:44 1311cc8c0fb3-6512: Starting"
[1] "2016-11-26 22:47:44 1311cc8c0fb3-6513: Starting"
[1] "2016-11-26 22:47:44 1311cc8c0fb3-6514: Starting"
[1] "2016-11-26 22:47:44 1311cc8c0fb3-6515: Starting"
[1] "2016-11-26 22:47:45 1311cc8c0fb3-6516: Starting"
[1] "2016-11-26 22:47:45 1311cc8c0fb3-6517: Starting"
[1] "2016-11-26 22:47:45 1311cc8c0fb3-6518: Starting"
[1] "2016-11-26 22:49:29 1311cc8c0fb3-6518: ModifiedDSHW|zone.8|period 1|Done in 104.699563980103"
[1] "2016-11-26 22:49:41 1311cc8c0fb3-6515: ModifiedDSHW|zone.5|period 1|Done in 116.994430303574"
[1] "2016-11-26 22:49:48 1311cc8c0fb3-6511: ModifiedDSHW|zone.1|period 1|Done in 123.37700176239"
[1] "2016-11-26 22:50:16 1311cc8c0fb3-6512: ModifiedDSHW|zone.2|period 1|Done in 151.489999055862"
[1] "2016-11-26 22:50:16 1311cc8c0fb3-6513: ModifiedDSHW|zone.3|period 1|Done in 151.707868099213"
[1] "2016-11-26 22:50:17 1311cc8c0fb3-6517: ModifiedDSHW|zone.7|period 1|Done in 151.996206521988"
[1] "2016-11-26 22:50:46 1311cc8c0fb3-6516: ModifiedDSHW|zone.6|period 1|Done in 181.475486278534"
[1] "2016-11-26 22:51:08 1311cc8c0fb3-6514: ModifiedDSHW|zone.4|period 1|Done in 203.572050571442"
[1] "2016-11-26 22:52:05 1311cc8c0fb3-6518: ModifiedDSHW|zone.8|period 2|Done in 155.529806852341"
[1] "2016-11-26 22:52:50 1311cc8c0fb3-6515: ModifiedDSHW|zone.5|period 2|Done in 188.181203603745"
[1] "2016-11-26 22:52:50 1311cc8c0fb3-6511: ModifiedDSHW|zone.1|period 2|Done in 182.565816164017"
[1] "2016-11-26 22:53:03 1311cc8c0fb3-6516: ModifiedDSHW|zone.6|period 2|Done in 136.600260972977"
[1] "2016-11-26 22:54:05 1311cc8c0fb3-6513: ModifiedDSHW|zone.3|period 2|Done in 228.696511268616"
[1] "2016-11-26 22:54:05 1311cc8c0fb3-6512: ModifiedDSHW|zone.2|period 2|Done in 229.075128555298"
[1] "2016-11-26 22:54:06 1311cc8c0fb3-6517: ModifiedDSHW|zone.7|period 2|Done in 229.182001590729"
[1] "2016-11-26 22:54:38 1311cc8c0fb3-6515: ModifiedDSHW|zone.5|period 3|Done in 108.337531328201"
[1] "2016-11-26 22:54:54 1311cc8c0fb3-6518: ModifiedDSHW|zone.8|period 3|Done in 168.868144989014"
[1] "2016-11-26 22:55:37 1311cc8c0fb3-6514: ModifiedDSHW|zone.4|period 2|Done in 269.040566444397"
[1] "2016-11-26 22:55:57 1311cc8c0fb3-6516: ModifiedDSHW|zone.6|period 3|Done in 174.129983901978"
[1] "2016-11-26 22:56:11 1311cc8c0fb3-6511: ModifiedDSHW|zone.1|period 3|Done in 200.617405653"
[1] "2016-11-26 22:56:30 1311cc8c0fb3-6513: ModifiedDSHW|zone.3|period 3|Done in 145.448623895645"
[1] "2016-11-26 22:56:30 1311cc8c0fb3-6512: ModifiedDSHW|zone.2|period 3|Done in 145.633770465851"
[1] "2016-11-26 22:56:31 1311cc8c0fb3-6517: ModifiedDSHW|zone.7|period 3|Done in 145.694108009338"
[1] "2016-11-26 22:57:58 1311cc8c0fb3-6515: ModifiedDSHW|zone.5|period 4|Done in 199.750385284424"
[1] "2016-11-26 22:57:58 1311cc8c0fb3-6515: Starting"
[1] "2016-11-26 22:58:53 1311cc8c0fb3-6518: ModifiedDSHW|zone.8|period 4|Done in 238.860654115677"
[1] "2016-11-26 22:58:53 1311cc8c0fb3-6518: Starting"
[1] "2016-11-26 22:59:06 1311cc8c0fb3-6516: ModifiedDSHW|zone.6|period 4|Done in 189.298507928848"
[1] "2016-11-26 22:59:06 1311cc8c0fb3-6516: Starting"
[1] "2016-11-26 23:00:18 1311cc8c0fb3-6511: ModifiedDSHW|zone.1|period 4|Done in 247.243879556656"
[1] "2016-11-26 23:00:18 1311cc8c0fb3-6511: Starting"
[1] "2016-11-26 23:00:33 1311cc8c0fb3-6515: ModifiedDSHW|zone.13|period 1|Done in 155.662706851959"
[1] "2016-11-26 23:01:10 1311cc8c0fb3-6518: ModifiedDSHW|zone.16|period 1|Done in 136.898633003235"
[1] "2016-11-26 23:01:17 1311cc8c0fb3-6516: ModifiedDSHW|zone.14|period 1|Done in 131.346962928772"
[1] "2016-11-26 23:02:32 1311cc8c0fb3-6513: ModifiedDSHW|zone.3|period 4|Done in 361.963463783264"
[1] "2016-11-26 23:02:32 1311cc8c0fb3-6513: Starting"
[1] "2016-11-26 23:02:34 1311cc8c0fb3-6517: ModifiedDSHW|zone.7|period 4|Done in 362.145685434341"
[1] "2016-11-26 23:02:34 1311cc8c0fb3-6517: Starting"
[1] "2016-11-26 23:02:41 1311cc8c0fb3-6514: ModifiedDSHW|zone.4|period 3|Done in 423.768433570862"
[1] "2016-11-26 23:02:47 1311cc8c0fb3-6512: ModifiedDSHW|zone.2|period 4|Done in 376.667193412781"
[1] "2016-11-26 23:02:47 1311cc8c0fb3-6512: Starting"
[1] "2016-11-26 23:02:51 1311cc8c0fb3-6518: ModifiedDSHW|zone.16|period 2|Done in 101.109815120697"
[1] "2016-11-26 23:02:51 1311cc8c0fb3-6511: ModifiedDSHW|zone.9|period 1|Done in 153.135860681534"
[1] "2016-11-26 23:03:06 1311cc8c0fb3-6515: ModifiedDSHW|zone.13|period 2|Done in 152.439714193344"
[1] "2016-11-26 23:03:55 1311cc8c0fb3-6516: ModifiedDSHW|zone.14|period 2|Done in 157.80077457428"
[1] "2016-11-26 23:03:59 1311cc8c0fb3-6517: ModifiedDSHW|zone.15|period 1|Done in 85.2558028697968"
[1] "2016-11-26 23:04:10 1311cc8c0fb3-6513: ModifiedDSHW|zone.11|period 1|Done in 97.9199829101562"
[1] "2016-11-26 23:04:52 1311cc8c0fb3-6512: ModifiedDSHW|zone.10|period 1|Done in 125.261132717133"
[1] "2016-11-26 23:05:26 1311cc8c0fb3-6515: ModifiedDSHW|zone.13|period 3|Done in 140.151739358902"
[1] "2016-11-26 23:05:29 1311cc8c0fb3-6518: ModifiedDSHW|zone.16|period 3|Done in 158.765645503998"
[1] "2016-11-26 23:05:48 1311cc8c0fb3-6511: ModifiedDSHW|zone.9|period 2|Done in 177.124345541"
[1] "2016-11-26 23:06:26 1311cc8c0fb3-6514: ModifiedDSHW|zone.4|period 4|Done in 224.866416454315"
[1] "2016-11-26 23:06:26 1311cc8c0fb3-6514: Starting"
[1] "2016-11-26 23:07:10 1311cc8c0fb3-6511: Starting"
[1] "2016-11-26 23:07:36 1311cc8c0fb3-6515: ModifiedDSHW|zone.13|period 4|Done in 130.271825313568"
[1] "2016-11-26 23:07:46 1311cc8c0fb3-6513: ModifiedDSHW|zone.11|period 2|Done in 216.308175325394"
[1] "2016-11-26 23:08:06 1311cc8c0fb3-6516: ModifiedDSHW|zone.14|period 3|Done in 251.000657081604"
[1] "2016-11-26 23:08:29 1311cc8c0fb3-6518: ModifiedDSHW|zone.16|period 4|Done in 179.587327003479"
[1] "2016-11-26 23:08:40 1311cc8c0fb3-6512: ModifiedDSHW|zone.10|period 2|Done in 227.088541030884"
[1] "2016-11-26 23:08:46 1311cc8c0fb3-6514: ModifiedDSHW|zone.12|period 1|Done in 140.717619180679"
[1] "2016-11-26 23:08:57 1311cc8c0fb3-6517: ModifiedDSHW|zone.15|period 2|Done in 297.758174657822"
[1] "2016-11-26 23:09:08 1311cc8c0fb3-6511: ModifiedDSHW|zone.17|period 1|Done in 118.091483354568"
[1] "2016-11-26 23:10:17 1311cc8c0fb3-6517: ModifiedDSHW|zone.15|period 3|Done in 79.8354003429413"
[1] "2016-11-26 23:10:28 1311cc8c0fb3-6512: ModifiedDSHW|zone.10|period 3|Done in 108.430695533752"
[1] "2016-11-26 23:10:29 1311cc8c0fb3-6516: ModifiedDSHW|zone.14|period 4|Done in 142.752117395401"
[1] "2016-11-26 23:10:34 1311cc8c0fb3-6511: ModifiedDSHW|zone.17|period 2|Done in 86.3515553474426"
[1] "2016-11-26 23:10:52 1311cc8c0fb3-6514: ModifiedDSHW|zone.12|period 2|Done in 125.486363887787"
[1] "2016-11-26 23:11:27 1311cc8c0fb3-6513: ModifiedDSHW|zone.11|period 3|Done in 220.366191625595"
[1] "2016-11-26 23:12:20 1311cc8c0fb3-6512: ModifiedDSHW|zone.10|period 4|Done in 111.833841562271"
[1] "2016-11-26 23:12:20 1311cc8c0fb3-6512: Starting"
[1] "2016-11-26 23:12:23 1311cc8c0fb3-6517: ModifiedDSHW|zone.15|period 4|Done in 126.127445697784"
[1] "2016-11-26 23:12:38 1311cc8c0fb3-6511: ModifiedDSHW|zone.17|period 3|Done in 123.657171010971"
[1] "2016-11-26 23:13:03 1311cc8c0fb3-6514: ModifiedDSHW|zone.12|period 3|Done in 131.262061595917"
[1] "2016-11-26 23:13:08 1311cc8c0fb3-6513: ModifiedDSHW|zone.11|period 4|Done in 101.422105312347"
[1] "2016-11-26 23:13:08 1311cc8c0fb3-6513: Starting"
[1] "2016-11-26 23:13:39 1311cc8c0fb3-6512: ModifiedDSHW|zone.18|period 1|Done in 78.9655032157898"
[1] "2016-11-26 23:14:25 1311cc8c0fb3-6511: ModifiedDSHW|zone.17|period 4|Done in 106.969175338745"
[1] "2016-11-26 23:14:51 1311cc8c0fb3-6514: ModifiedDSHW|zone.12|period 4|Done in 107.621171474457"
[1] "2016-11-26 23:14:51 1311cc8c0fb3-6514: Starting"
[1] "2016-11-26 23:14:52 1311cc8c0fb3-6513: ModifiedDSHW|zone.19|period 1|Done in 103.426229476929"
[1] "2016-11-26 23:15:37 1311cc8c0fb3-6512: ModifiedDSHW|zone.18|period 2|Done in 118.630728721619"
[1] "2016-11-26 23:16:47 1311cc8c0fb3-6512: ModifiedDSHW|zone.18|period 3|Done in 69.1300959587097"
[1] "2016-11-26 23:17:07 1311cc8c0fb3-6514: ModifiedDSHW|zone.20|period 1|Done in 136.66632771492"
[1] "2016-11-26 23:17:26 1311cc8c0fb3-6513: ModifiedDSHW|zone.19|period 2|Done in 154.15929889679"
[1] "2016-11-26 23:18:14 1311cc8c0fb3-6512: ModifiedDSHW|zone.18|period 4|Done in 87.45463514328"
[1] "2016-11-26 23:20:06 1311cc8c0fb3-6514: ModifiedDSHW|zone.20|period 2|Done in 178.90908575058"
[1] "2016-11-26 23:22:12 1311cc8c0fb3-6513: ModifiedDSHW|zone.19|period 3|Done in 286.347506046295"
[1] "2016-11-26 23:23:00 1311cc8c0fb3-6514: ModifiedDSHW|zone.20|period 3|Done in 173.564810037613"
[1] "2016-11-26 23:23:59 1311cc8c0fb3-6513: ModifiedDSHW|zone.19|period 4|Done in 107.068957567215"
[1] "2016-11-26 23:25:29 1311cc8c0fb3-6514: ModifiedDSHW|zone.20|period 4|Done in 148.856660366058"
[1] "2016-11-27 00:13:47 1311cc8c0fb3-6534: Running SemiParametric"
[1] "2016-11-27 00:15:17 1311cc8c0fb3-6549: semiParametric|zone.8|period 1|Done in 68.1849026679993"
[1] "2016-11-27 00:15:46 1311cc8c0fb3-6542: semiParametric|zone.1|period 1|Done in 96.5807857513428"
[1] "2016-11-27 00:15:50 1311cc8c0fb3-6548: semiParametric|zone.7|period 1|Done in 101.318198919296"
[1] "2016-11-27 00:15:57 1311cc8c0fb3-6543: semiParametric|zone.2|period 1|Done in 108.023970365524"
[1] "2016-11-27 00:15:59 1311cc8c0fb3-6547: semiParametric|zone.6|period 1|Done in 109.665682077408"
[1] "2016-11-27 00:16:14 1311cc8c0fb3-6544: semiParametric|zone.3|period 1|Done in 124.526915550232"
[1] "2016-11-27 00:16:14 1311cc8c0fb3-6545: semiParametric|zone.4|period 1|Done in 124.920830965042"
[1] "2016-11-27 00:17:04 1311cc8c0fb3-6549: semiParametric|zone.8|period 2|Done in 106.307157754898"
[1] "2016-11-27 00:17:13 1311cc8c0fb3-6548: semiParametric|zone.7|period 2|Done in 82.8775179386139"
[1] "2016-11-27 00:17:20 1311cc8c0fb3-6543: semiParametric|zone.2|period 2|Done in 83.0504291057587"
[1] "2016-11-27 00:17:38 1311cc8c0fb3-6547: semiParametric|zone.6|period 2|Done in 99.2086732387543"
[1] "2016-11-27 00:17:43 1311cc8c0fb3-6544: semiParametric|zone.3|period 2|Done in 89.5080642700195"
[1] "2016-11-27 00:17:46 1311cc8c0fb3-6545: semiParametric|zone.4|period 2|Done in 92.0738999843597"
[1] "2016-11-27 00:18:00 1311cc8c0fb3-6546: semiParametric|zone.5|period 1|Done in 230.925258159637"
[1] "2016-11-27 00:18:04 1311cc8c0fb3-6542: semiParametric|zone.1|period 2|Done in 138.761526346207"
[1] "2016-11-27 00:18:38 1311cc8c0fb3-6549: semiParametric|zone.8|period 3|Done in 94.4698235988617"
[1] "2016-11-27 00:18:40 1311cc8c0fb3-6548: semiParametric|zone.7|period 3|Done in 86.7137501239777"
[1] "2016-11-27 00:18:47 1311cc8c0fb3-6543: semiParametric|zone.2|period 3|Done in 86.5071430206299"
[1] "2016-11-27 00:18:58 1311cc8c0fb3-6545: semiParametric|zone.4|period 3|Done in 72.2179939746857"
[1] "2016-11-27 00:19:00 1311cc8c0fb3-6547: semiParametric|zone.6|period 3|Done in 81.4566152095795"
[1] "2016-11-27 00:19:08 1311cc8c0fb3-6544: semiParametric|zone.3|period 3|Done in 84.3780899047852"
[1] "2016-11-27 00:20:02 1311cc8c0fb3-6542: semiParametric|zone.1|period 3|Done in 117.97710609436"
[1] "2016-11-27 00:20:09 1311cc8c0fb3-6545: semiParametric|zone.4|period 4|Done in 70.3441834449768"
[1] "2016-11-27 00:20:09 1311cc8c0fb3-6545: Starting"
[1] "2016-11-27 00:20:19 1311cc8c0fb3-6549: semiParametric|zone.8|period 4|Done in 100.957985162735"
[1] "2016-11-27 00:20:19 1311cc8c0fb3-6549: Starting"
[1] "2016-11-27 00:20:43 1311cc8c0fb3-6546: semiParametric|zone.5|period 2|Done in 163.05659198761"
[1] "2016-11-27 00:20:47 1311cc8c0fb3-6543: semiParametric|zone.2|period 4|Done in 120.243258714676"
[1] "2016-11-27 00:20:47 1311cc8c0fb3-6543: Starting"
[1] "2016-11-27 00:20:51 1311cc8c0fb3-6548: semiParametric|zone.7|period 4|Done in 131.16770029068"
[1] "2016-11-27 00:20:51 1311cc8c0fb3-6548: Starting"
[1] "2016-11-27 00:20:55 1311cc8c0fb3-6547: semiParametric|zone.6|period 4|Done in 115.638369321823"
[1] "2016-11-27 00:20:55 1311cc8c0fb3-6547: Starting"
[1] "2016-11-27 00:21:27 1311cc8c0fb3-6545: semiParametric|zone.12|period 1|Done in 71.0423800945282"
[1] "2016-11-27 00:21:59 1311cc8c0fb3-6542: semiParametric|zone.1|period 4|Done in 116.132294893265"
[1] "2016-11-27 00:21:59 1311cc8c0fb3-6542: Starting"
[1] "2016-11-27 00:22:08 1311cc8c0fb3-6544: semiParametric|zone.3|period 4|Done in 180.524079561234"
[1] "2016-11-27 00:22:08 1311cc8c0fb3-6544: Starting"
[1] "2016-11-27 00:22:19 1311cc8c0fb3-6548: semiParametric|zone.15|period 1|Done in 79.3539249897003"
[1] "2016-11-27 00:22:23 1311cc8c0fb3-6543: semiParametric|zone.10|period 1|Done in 88.2269752025604"
[1] "2016-11-27 00:22:47 1311cc8c0fb3-6545: semiParametric|zone.12|period 2|Done in 79.2148575782776"
[1] "2016-11-27 00:23:23 1311cc8c0fb3-6544: semiParametric|zone.11|period 1|Done in 68.7981321811676"
[1] "2016-11-27 00:23:26 1311cc8c0fb3-6542: semiParametric|zone.9|period 1|Done in 79.8637154102325"
[1] "2016-11-27 00:23:34 1311cc8c0fb3-6548: semiParametric|zone.15|period 2|Done in 75.1016218662262"
[1] "2016-11-27 00:23:43 1311cc8c0fb3-6547: semiParametric|zone.14|period 1|Done in 160.610844373703"
[1] "2016-11-27 00:23:53 1311cc8c0fb3-6546: semiParametric|zone.5|period 3|Done in 189.38557434082"
[1] "2016-11-27 00:23:54 1311cc8c0fb3-6543: semiParametric|zone.10|period 2|Done in 91.7787611484528"
[1] "2016-11-27 00:24:10 1311cc8c0fb3-6545: semiParametric|zone.12|period 3|Done in 83.5887367725372"
[1] "2016-11-27 00:24:15 1311cc8c0fb3-6549: semiParametric|zone.16|period 1|Done in 229.527003765106"
[1] "2016-11-27 00:24:39 1311cc8c0fb3-6544: semiParametric|zone.11|period 2|Done in 75.6694424152374"
[1] "2016-11-27 00:24:42 1311cc8c0fb3-6542: semiParametric|zone.9|period 2|Done in 75.929984331131"
[1] "2016-11-27 00:24:57 1311cc8c0fb3-6548: semiParametric|zone.15|period 3|Done in 83.6269736289978"
[1] "2016-11-27 00:25:36 1311cc8c0fb3-6543: semiParametric|zone.10|period 3|Done in 101.959431409836"
[1] "2016-11-27 00:25:42 1311cc8c0fb3-6545: semiParametric|zone.12|period 4|Done in 92.0560412406921"
[1] "2016-11-27 00:25:42 1311cc8c0fb3-6545: Starting"
[1] "2016-11-27 00:26:02 1311cc8c0fb3-6544: semiParametric|zone.11|period 3|Done in 83.3384642601013"
[1] "2016-11-27 00:26:09 1311cc8c0fb3-6547: semiParametric|zone.14|period 2|Done in 145.804115772247"
[1] "2016-11-27 00:26:16 1311cc8c0fb3-6546: semiParametric|zone.5|period 4|Done in 143.404609680176"
[1] "2016-11-27 00:26:16 1311cc8c0fb3-6546: Starting"
[1] "2016-11-27 00:26:19 1311cc8c0fb3-6542: semiParametric|zone.9|period 3|Done in 97.4584550857544"
[1] "2016-11-27 00:26:48 1311cc8c0fb3-6548: semiParametric|zone.15|period 4|Done in 110.960359811783"
[1] "2016-11-27 00:27:06 1311cc8c0fb3-6543: semiParametric|zone.10|period 4|Done in 89.2001702785492"
[1] "2016-11-27 00:27:06 1311cc8c0fb3-6543: Starting"
[1] "2016-11-27 00:27:21 1311cc8c0fb3-6549: semiParametric|zone.16|period 2|Done in 186.226021051407"
[1] "2016-11-27 00:27:31 1311cc8c0fb3-6545: semiParametric|zone.20|period 1|Done in 101.601554870605"
[1] "2016-11-27 00:27:32 1311cc8c0fb3-6544: semiParametric|zone.11|period 4|Done in 89.5946748256683"
[1] "2016-11-27 00:27:32 1311cc8c0fb3-6544: Starting"
[1] "2016-11-27 00:28:06 1311cc8c0fb3-6547: semiParametric|zone.14|period 3|Done in 117.402634859085"
[1] "2016-11-27 00:28:14 1311cc8c0fb3-6546: semiParametric|zone.13|period 1|Done in 111.63445854187"
[1] "2016-11-27 00:28:22 1311cc8c0fb3-6542: semiParametric|zone.9|period 4|Done in 122.333293437958"
[1] "2016-11-27 00:28:22 1311cc8c0fb3-6542: Starting"
[1] "2016-11-27 00:29:03 1311cc8c0fb3-6545: semiParametric|zone.20|period 2|Done in 91.5230083465576"
[1] "2016-11-27 00:29:05 1311cc8c0fb3-6544: semiParametric|zone.19|period 1|Done in 87.4927794933319"
[1] "2016-11-27 00:29:40 1311cc8c0fb3-6546: semiParametric|zone.13|period 2|Done in 85.43230676651"
[1] "2016-11-27 00:29:58 1311cc8c0fb3-6549: semiParametric|zone.16|period 3|Done in 156.769674062729"
[1] "2016-11-27 00:30:05 1311cc8c0fb3-6543: semiParametric|zone.18|period 1|Done in 173.38180232048"
[1] "2016-11-27 00:30:10 1311cc8c0fb3-6545: semiParametric|zone.20|period 3|Done in 67.6697428226471"
[1] "2016-11-27 00:30:33 1311cc8c0fb3-6544: semiParametric|zone.19|period 2|Done in 87.5877645015717"
[1] "2016-11-27 00:30:59 1311cc8c0fb3-6546: semiParametric|zone.13|period 3|Done in 79.6307289600372"
[1] "2016-11-27 00:31:11 1311cc8c0fb3-6542: semiParametric|zone.17|period 1|Done in 162.488095998764"
[1] "2016-11-27 00:31:13 1311cc8c0fb3-6547: semiParametric|zone.14|period 4|Done in 186.895253658295"
[1] "2016-11-27 00:31:36 1311cc8c0fb3-6545: semiParametric|zone.20|period 4|Done in 85.429673910141"
[1] "2016-11-27 00:31:56 1311cc8c0fb3-6546: semiParametric|zone.13|period 4|Done in 56.7326378822327"
[1] "2016-11-27 00:31:57 1311cc8c0fb3-6544: semiParametric|zone.19|period 3|Done in 84.3316140174866"
[1] "2016-11-27 00:32:11 1311cc8c0fb3-6549: semiParametric|zone.16|period 4|Done in 132.761492013931"
[1] "2016-11-27 00:32:44 1311cc8c0fb3-6543: semiParametric|zone.18|period 2|Done in 159.133108854294"
[1] "2016-11-27 00:32:56 1311cc8c0fb3-6544: semiParametric|zone.19|period 4|Done in 59.0047450065613"
[1] "2016-11-27 00:34:16 1311cc8c0fb3-6542: semiParametric|zone.17|period 2|Done in 185.542437076569"
[1] "2016-11-27 00:36:01 1311cc8c0fb3-6542: semiParametric|zone.17|period 3|Done in 104.408512830734"
[1] "2016-11-27 00:36:03 1311cc8c0fb3-6543: semiParametric|zone.18|period 3|Done in 199.138639450073"
[1] "2016-11-27 00:38:04 1311cc8c0fb3-6543: semiParametric|zone.18|period 4|Done in 120.679320335388"
[1] "2016-11-27 00:38:21 1311cc8c0fb3-6542: semiParametric|zone.17|period 4|Done in 140.573183298111"
[1] "2016-11-27 00:39:06 1311cc8c0fb3-6534: Running TBATS"
[1] "2016-11-27 00:39:06 1311cc8c0fb3-6550: Starting"
[1] "2016-11-27 00:39:06 1311cc8c0fb3-6551: Starting"
[1] "2016-11-27 00:39:06 1311cc8c0fb3-6552: Starting"
[1] "2016-11-27 00:39:06 1311cc8c0fb3-6553: Starting"
[1] "2016-11-27 00:39:06 1311cc8c0fb3-6554: Starting"
[1] "2016-11-27 00:39:06 1311cc8c0fb3-6555: Starting"
[1] "2016-11-27 00:39:06 1311cc8c0fb3-6556: Starting"
[1] "2016-11-27 00:39:06 1311cc8c0fb3-6557: Starting"
[1] "2016-11-27 00:40:09 1311cc8c0fb3-6550: TBATS|zone.1|period 1|Done in 62.4449512958527"
[1] "2016-11-27 00:40:24 1311cc8c0fb3-6553: TBATS|zone.4|period 1|Done in 77.9256780147552"
[1] "2016-11-27 00:40:30 1311cc8c0fb3-6557: TBATS|zone.8|period 1|Done in 83.0174078941345"
[1] "2016-11-27 00:40:37 1311cc8c0fb3-6555: TBATS|zone.6|period 1|Done in 90.6332740783691"
[1] "2016-11-27 00:40:54 1311cc8c0fb3-6552: TBATS|zone.3|period 1|Done in 108.157907009125"
[1] "2016-11-27 00:40:55 1311cc8c0fb3-6556: TBATS|zone.7|period 1|Done in 108.495887517929"
[1] "2016-11-27 00:41:11 1311cc8c0fb3-6550: TBATS|zone.1|period 2|Done in 62.9167294502258"
[1] "2016-11-27 00:41:19 1311cc8c0fb3-6554: TBATS|zone.5|period 1|Done in 132.679996967316"
[1] "2016-11-27 00:41:36 1311cc8c0fb3-6551: TBATS|zone.2|period 1|Done in 149.663553714752"
[1] "2016-11-27 00:41:43 1311cc8c0fb3-6557: TBATS|zone.8|period 2|Done in 73.3581359386444"
[1] "2016-11-27 00:41:54 1311cc8c0fb3-6553: TBATS|zone.4|period 2|Done in 90.2226622104645"
[1] "2016-11-27 00:41:56 1311cc8c0fb3-6555: TBATS|zone.6|period 2|Done in 78.6075398921967"
[1] "2016-11-27 00:42:27 1311cc8c0fb3-6552: TBATS|zone.3|period 2|Done in 92.9947254657745"
[1] "2016-11-27 00:42:28 1311cc8c0fb3-6556: TBATS|zone.7|period 2|Done in 92.8528258800507"
[1] "2016-11-27 00:43:07 1311cc8c0fb3-6557: TBATS|zone.8|period 3|Done in 84.1690652370453"
[1] "2016-11-27 00:43:33 1311cc8c0fb3-6555: TBATS|zone.6|period 3|Done in 97.4803025722504"
[1] "2016-11-27 00:43:49 1311cc8c0fb3-6554: TBATS|zone.5|period 2|Done in 149.947304725647"
[1] "2016-11-27 00:43:53 1311cc8c0fb3-6550: TBATS|zone.1|period 3|Done in 161.159842729568"
[1] "2016-11-27 00:44:01 1311cc8c0fb3-6551: TBATS|zone.2|period 2|Done in 145.508500814438"
[1] "2016-11-27 00:44:06 1311cc8c0fb3-6553: TBATS|zone.4|period 3|Done in 131.272353649139"
[1] "2016-11-27 00:44:37 1311cc8c0fb3-6555: TBATS|zone.6|period 4|Done in 63.5850958824158"
[1] "2016-11-27 00:44:37 1311cc8c0fb3-6555: Starting"
[1] "2016-11-27 00:44:44 1311cc8c0fb3-6557: TBATS|zone.8|period 4|Done in 96.9104332923889"
[1] "2016-11-27 00:44:44 1311cc8c0fb3-6557: Starting"
[1] "2016-11-27 00:45:06 1311cc8c0fb3-6553: TBATS|zone.4|period 4|Done in 59.9372253417969"
[1] "2016-11-27 00:45:06 1311cc8c0fb3-6553: Starting"
[1] "2016-11-27 00:45:23 1311cc8c0fb3-6555: TBATS|zone.14|period 1|Done in 46.540815114975"
[1] "2016-11-27 00:45:39 1311cc8c0fb3-6557: TBATS|zone.16|period 1|Done in 55.3948101997375"
[1] "2016-11-27 00:45:45 1311cc8c0fb3-6550: TBATS|zone.1|period 4|Done in 112.364702939987"
[1] "2016-11-27 00:45:45 1311cc8c0fb3-6550: Starting"
[1] "2016-11-27 00:46:11 1311cc8c0fb3-6554: TBATS|zone.5|period 3|Done in 142.12893819809"
[1] "2016-11-27 00:47:07 1311cc8c0fb3-6552: TBATS|zone.3|period 3|Done in 279.895325422287"
[1] "2016-11-27 00:47:08 1311cc8c0fb3-6556: TBATS|zone.7|period 3|Done in 279.957641363144"
[1] "2016-11-27 00:47:12 1311cc8c0fb3-6555: TBATS|zone.14|period 2|Done in 109.154659986496"
[1] "2016-11-27 00:47:34 1311cc8c0fb3-6551: TBATS|zone.2|period 3|Done in 212.4041056633"
[1] "2016-11-27 00:47:53 1311cc8c0fb3-6555: TBATS|zone.14|period 3|Done in 40.3698532581329"
[1] "2016-11-27 00:48:00 1311cc8c0fb3-6550: TBATS|zone.9|period 1|Done in 135.363646507263"
[1] "2016-11-27 00:48:02 1311cc8c0fb3-6557: TBATS|zone.16|period 2|Done in 142.824762821198"
[1] "2016-11-27 00:48:10 1311cc8c0fb3-6552: TBATS|zone.3|period 4|Done in 62.9875092506409"
[1] "2016-11-27 00:48:10 1311cc8c0fb3-6552: Starting"
[1] "2016-11-27 00:48:11 1311cc8c0fb3-6556: TBATS|zone.7|period 4|Done in 63.1042375564575"
[1] "2016-11-27 00:48:11 1311cc8c0fb3-6556: Starting"
[1] "2016-11-27 00:48:29 1311cc8c0fb3-6554: TBATS|zone.5|period 4|Done in 137.848831892014"
[1] "2016-11-27 00:48:29 1311cc8c0fb3-6554: Starting"
[1] "2016-11-27 00:48:31 1311cc8c0fb3-6553: TBATS|zone.12|period 1|Done in 205.569983005524"
[1] "2016-11-27 00:48:40 1311cc8c0fb3-6551: TBATS|zone.2|period 4|Done in 66.2334985733032"
[1] "2016-11-27 00:48:40 1311cc8c0fb3-6551: Starting"
[1] "2016-11-27 00:49:05 1311cc8c0fb3-6555: TBATS|zone.14|period 4|Done in 72.277152299881"
[1] "2016-11-27 00:49:06 1311cc8c0fb3-6556: TBATS|zone.15|period 1|Done in 55.3648087978363"
[1] "2016-11-27 00:49:16 1311cc8c0fb3-6554: TBATS|zone.13|period 1|Done in 46.7180860042572"
[1] "2016-11-27 00:50:01 1311cc8c0fb3-6551: TBATS|zone.10|period 1|Done in 80.5770149230957"
[1] "2016-11-27 00:50:18 1311cc8c0fb3-6553: TBATS|zone.12|period 2|Done in 106.689769029617"
[1] "2016-11-27 00:50:34 1311cc8c0fb3-6550: TBATS|zone.9|period 2|Done in 153.253224134445"
[1] "2016-11-27 00:50:38 1311cc8c0fb3-6557: TBATS|zone.16|period 3|Done in 155.699450969696"
[1] "2016-11-27 00:50:45 1311cc8c0fb3-6556: TBATS|zone.15|period 2|Done in 98.9404525756836"
[1] "2016-11-27 00:51:16 1311cc8c0fb3-6552: TBATS|zone.11|period 1|Done in 185.691194534302"
[1] "2016-11-27 00:51:17 1311cc8c0fb3-6554: TBATS|zone.13|period 2|Done in 121.44588470459"
[1] "2016-11-27 00:51:47 1311cc8c0fb3-6551: TBATS|zone.10|period 2|Done in 106.408584594727"
[1] "2016-11-27 00:52:07 1311cc8c0fb3-6550: TBATS|zone.9|period 3|Done in 93.2918705940247"
[1] "2016-11-27 00:52:23 1311cc8c0fb3-6557: TBATS|zone.16|period 4|Done in 105.054506778717"
[1] "2016-11-27 00:52:25 1311cc8c0fb3-6554: TBATS|zone.13|period 3|Done in 67.476710319519"
[1] "2016-11-27 00:52:28 1311cc8c0fb3-6556: TBATS|zone.15|period 3|Done in 103.09620475769"
[1] "2016-11-27 00:52:35 1311cc8c0fb3-6552: TBATS|zone.11|period 2|Done in 78.9014394283295"
[1] "2016-11-27 00:52:47 1311cc8c0fb3-6550: TBATS|zone.9|period 4|Done in 40.0696513652802"
[1] "2016-11-27 00:52:47 1311cc8c0fb3-6550: Starting"
[1] "2016-11-27 00:53:05 1311cc8c0fb3-6554: TBATS|zone.13|period 4|Done in 40.3212945461273"
[1] "2016-11-27 00:53:09 1311cc8c0fb3-6551: TBATS|zone.10|period 3|Done in 82.0009756088257"
[1] "2016-11-27 00:53:16 1311cc8c0fb3-6553: TBATS|zone.12|period 3|Done in 178.170346260071"
[1] "2016-11-27 00:53:31 1311cc8c0fb3-6556: TBATS|zone.15|period 4|Done in 63.0929386615753"
[1] "2016-11-27 00:53:44 1311cc8c0fb3-6550: TBATS|zone.17|period 1|Done in 56.7848856449127"
[1] "2016-11-27 00:53:56 1311cc8c0fb3-6551: TBATS|zone.10|period 4|Done in 46.6504561901093"
[1] "2016-11-27 00:53:56 1311cc8c0fb3-6551: Starting"
[1] "2016-11-27 00:54:17 1311cc8c0fb3-6551: TBATS|zone.18|period 1|Done in 21.662721157074"
[1] "2016-11-27 00:54:39 1311cc8c0fb3-6550: TBATS|zone.17|period 2|Done in 55.3679423332214"
[1] "2016-11-27 00:55:05 1311cc8c0fb3-6552: TBATS|zone.11|period 3|Done in 149.895872831345"
[1] "2016-11-27 00:55:31 1311cc8c0fb3-6551: TBATS|zone.18|period 2|Done in 73.5743753910065"
[1] "2016-11-27 00:55:35 1311cc8c0fb3-6553: TBATS|zone.12|period 4|Done in 138.841376781464"
[1] "2016-11-27 00:55:35 1311cc8c0fb3-6553: Starting"
[1] "2016-11-27 00:56:15 1311cc8c0fb3-6550: TBATS|zone.17|period 3|Done in 95.7557778358459"
[1] "2016-11-27 00:56:23 1311cc8c0fb3-6553: TBATS|zone.20|period 1|Done in 47.8034627437592"
[1] "2016-11-27 00:57:03 1311cc8c0fb3-6552: TBATS|zone.11|period 4|Done in 118.62069606781"
[1] "2016-11-27 00:57:03 1311cc8c0fb3-6552: Starting"
[1] "2016-11-27 00:57:10 1311cc8c0fb3-6551: TBATS|zone.18|period 3|Done in 98.6987783908844"
[1] "2016-11-27 00:57:25 1311cc8c0fb3-6550: TBATS|zone.17|period 4|Done in 70.5164885520935"
[1] "2016-11-27 00:57:26 1311cc8c0fb3-6553: TBATS|zone.20|period 2|Done in 63.6670362949371"
[1] "2016-11-27 00:57:35 1311cc8c0fb3-6552: TBATS|zone.19|period 1|Done in 31.9762275218964"
[1] "2016-11-27 00:58:22 1311cc8c0fb3-6551: TBATS|zone.18|period 4|Done in 72.3920979499817"
[1] "2016-11-27 00:58:40 1311cc8c0fb3-6553: TBATS|zone.20|period 3|Done in 73.4282548427582"
[1] "2016-11-27 00:58:50 1311cc8c0fb3-6552: TBATS|zone.19|period 2|Done in 74.2736477851868"
[1] "2016-11-27 00:59:22 1311cc8c0fb3-6553: TBATS|zone.20|period 4|Done in 42.0718047618866"
[1] "2016-11-27 00:59:55 1311cc8c0fb3-6552: TBATS|zone.19|period 3|Done in 65.5646522045135"
[1] "2016-11-27 01:00:28 1311cc8c0fb3-6552: TBATS|zone.19|period 4|Done in 32.8956964015961"
