[1] "2016-11-27 01:15:51 1311cc8c0fb3-6565: Starting"
[1] "2016-11-27 01:15:52 1311cc8c0fb3-6565: Dataset Hvaler"
[1] "2016-11-27 01:15:53 1311cc8c0fb3-6565: Done loading data, start predicting"
[1] "2016-11-27 01:15:53 1311cc8c0fb3-6565: Running AverageARIMA"
[1][1][1] "2016-11-27 01:15:54 1311cc8c0fb3-6580: Starting"
[1][1] "2016-11-27 01:15:54 1311cc8c0fb3-6577: Starting" "2016-11-27 01:15:54 1311cc8c0fb3-6573: Starting"

[1] "2016-11-27 01:15:54 1311cc8c0fb3-6575: Starting" "2016-11-27 01:15:54 1311cc8c0fb3-6576: Starting"

 "2016-11-27 01:15:54 1311cc8c0fb3-6578: Starting"
[1][1] "2016-11-27 01:15:54 1311cc8c0fb3-6574: Starting"
 "2016-11-27 01:15:54 1311cc8c0fb3-6579: Starting"
[1] "2016-11-27 01:15:59 1311cc8c0fb3-6577: averageARIMA|subs.5|period 1|Done in 4.45880317687988"
[1] "2016-11-27 01:15:59 1311cc8c0fb3-6576: averageARIMA|subs.4|period 1|Done in 5.08878040313721"
[1] "2016-11-27 01:16:00 1311cc8c0fb3-6573: averageARIMA|subs.1|period 1|Done in 5.50126528739929"
[1] "2016-11-27 01:16:00 1311cc8c0fb3-6578: averageARIMA|subs.6|period 1|Done in 5.89022326469421"
[1] "2016-11-27 01:16:00 1311cc8c0fb3-6579: averageARIMA|subs.7|period 1|Done in 6.32074236869812"
[1] "2016-11-27 01:16:00 1311cc8c0fb3-6575: averageARIMA|subs.3|period 1|Done in 6.34744381904602"
[1] "2016-11-27 01:16:03 1311cc8c0fb3-6574: averageARIMA|subs.2|period 1|Done in 8.53053259849548"
[1] "2016-11-27 01:16:04 1311cc8c0fb3-6580: averageARIMA|subs.8|period 1|Done in 9.78901171684265"
[1] "2016-11-27 01:16:04 1311cc8c0fb3-6577: averageARIMA|subs.5|period 2|Done in 5.84177899360657"
[1] "2016-11-27 01:16:04 1311cc8c0fb3-6573: averageARIMA|subs.1|period 2|Done in 4.8388090133667"
[1] "2016-11-27 01:16:05 1311cc8c0fb3-6579: averageARIMA|subs.7|period 2|Done in 4.78282570838928"
[1] "2016-11-27 01:16:05 1311cc8c0fb3-6576: averageARIMA|subs.4|period 2|Done in 6.02876472473145"
[1] "2016-11-27 01:16:09 1311cc8c0fb3-6575: averageARIMA|subs.3|period 2|Done in 8.31413054466248"
[1] "2016-11-27 01:16:09 1311cc8c0fb3-6578: averageARIMA|subs.6|period 2|Done in 9.18126583099365"
[1] "2016-11-27 01:16:09 1311cc8c0fb3-6576: averageARIMA|subs.4|period 3|Done in 3.96019101142883"
[1] "2016-11-27 01:16:10 1311cc8c0fb3-6579: averageARIMA|subs.7|period 3|Done in 4.38957262039185"
[1] "2016-11-27 01:16:10 1311cc8c0fb3-6577: averageARIMA|subs.5|period 3|Done in 5.30394339561462"
[1] "2016-11-27 01:16:10 1311cc8c0fb3-6574: averageARIMA|subs.2|period 2|Done in 7.28655791282654"
[1] "2016-11-27 01:16:11 1311cc8c0fb3-6580: averageARIMA|subs.8|period 2|Done in 6.63599824905396"
[1] "2016-11-27 01:16:11 1311cc8c0fb3-6573: averageARIMA|subs.1|period 3|Done in 6.65056419372559"
[1] "2016-11-27 01:16:13 1311cc8c0fb3-6578: averageARIMA|subs.6|period 3|Done in 3.6887583732605"
[1] "2016-11-27 01:16:13 1311cc8c0fb3-6575: averageARIMA|subs.3|period 3|Done in 4.14348292350769"
[1] "2016-11-27 01:16:14 1311cc8c0fb3-6576: averageARIMA|subs.4|period 4|Done in 4.96501755714417"
[1] "2016-11-27 01:16:14 1311cc8c0fb3-6576: Starting"
[1] "2016-11-27 01:16:15 1311cc8c0fb3-6579: averageARIMA|subs.7|period 4|Done in 5.27037978172302"
[1] "2016-11-27 01:16:15 1311cc8c0fb3-6579: Starting"
[1] "2016-11-27 01:16:15 1311cc8c0fb3-6577: averageARIMA|subs.5|period 4|Done in 5.22085547447205"
[1] "2016-11-27 01:16:15 1311cc8c0fb3-6577: Starting"
[1] "2016-11-27 01:16:16 1311cc8c0fb3-6580: averageARIMA|subs.8|period 3|Done in 5.73734474182129"
[1] "2016-11-27 01:16:17 1311cc8c0fb3-6573: averageARIMA|subs.1|period 4|Done in 5.66878724098206"
[1] "2016-11-27 01:16:17 1311cc8c0fb3-6573: Starting"
[1] "2016-11-27 01:16:18 1311cc8c0fb3-6575: averageARIMA|subs.3|period 4|Done in 4.65238881111145"
[1] "2016-11-27 01:16:18 1311cc8c0fb3-6575: Starting"
[1] "2016-11-27 01:16:18 1311cc8c0fb3-6578: averageARIMA|subs.6|period 4|Done in 5.25988674163818"
[1] "2016-11-27 01:16:18 1311cc8c0fb3-6578: Starting"
[1] "2016-11-27 01:16:18 1311cc8c0fb3-6576: averageARIMA|subs.12|period 1|Done in 4.11067128181458"
[1] "2016-11-27 01:16:19 1311cc8c0fb3-6579: averageARIMA|subs.15|period 1|Done in 3.85188984870911"
[1] "2016-11-27 01:16:19 1311cc8c0fb3-6577: averageARIMA|subs.13|period 1|Done in 4.1126537322998"
[1] "2016-11-27 01:16:22 1311cc8c0fb3-6580: averageARIMA|subs.8|period 4|Done in 5.27780365943909"
[1] "2016-11-27 01:16:22 1311cc8c0fb3-6580: Starting"
[1] "2016-11-27 01:16:22 1311cc8c0fb3-6573: averageARIMA|subs.9|period 1|Done in 5.13779616355896"
[1] "2016-11-27 01:16:23 1311cc8c0fb3-6576: averageARIMA|subs.12|period 2|Done in 4.309565782547"
[1] "2016-11-27 01:16:23 1311cc8c0fb3-6575: averageARIMA|subs.11|period 1|Done in 5.25712704658508"
[1] "2016-11-27 01:16:23 1311cc8c0fb3-6577: averageARIMA|subs.13|period 2|Done in 4.04056930541992"
[1] "2016-11-27 01:16:23 1311cc8c0fb3-6579: averageARIMA|subs.15|period 2|Done in 4.43945002555847"
[1] "2016-11-27 01:16:26 1311cc8c0fb3-6580: averageARIMA|subs.16|period 1|Done in 3.92744255065918"
[1] "2016-11-27 01:16:26 1311cc8c0fb3-6573: averageARIMA|subs.9|period 2|Done in 3.99483776092529"
[1] "2016-11-27 01:16:27 1311cc8c0fb3-6576: averageARIMA|subs.12|period 3|Done in 3.94386506080627"
[1] "2016-11-27 01:16:27 1311cc8c0fb3-6577: averageARIMA|subs.13|period 3|Done in 3.89775991439819"
[1] "2016-11-27 01:16:27 1311cc8c0fb3-6575: averageARIMA|subs.11|period 2|Done in 4.37856030464172"
[1] "2016-11-27 01:16:29 1311cc8c0fb3-6579: averageARIMA|subs.15|period 3|Done in 5.72103071212769"
[1] "2016-11-27 01:16:29 1311cc8c0fb3-6574: averageARIMA|subs.2|period 3|Done in 19.3268251419067"
[1] "2016-11-27 01:16:30 1311cc8c0fb3-6573: averageARIMA|subs.9|period 3|Done in 4.12315988540649"
[1] "2016-11-27 01:16:32 1311cc8c0fb3-6575: averageARIMA|subs.11|period 3|Done in 5.18183875083923"
[1] "2016-11-27 01:16:33 1311cc8c0fb3-6576: averageARIMA|subs.12|period 4|Done in 6.49738764762878"
[1] "2016-11-27 01:16:33 1311cc8c0fb3-6576: Starting"
[1] "2016-11-27 01:16:34 1311cc8c0fb3-6574: averageARIMA|subs.2|period 4|Done in 4.48502969741821"
[1] "2016-11-27 01:16:34 1311cc8c0fb3-6577: averageARIMA|subs.13|period 4|Done in 6.74464631080627"
[1] "2016-11-27 01:16:34 1311cc8c0fb3-6574: Starting"
[1] "2016-11-27 01:16:35 1311cc8c0fb3-6573: averageARIMA|subs.9|period 4|Done in 4.97555184364319"
[1] "2016-11-27 01:16:35 1311cc8c0fb3-6573: Starting"
[1] "2016-11-27 01:16:35 1311cc8c0fb3-6578: averageARIMA|subs.14|period 1|Done in 17.0007035732269"
[1] "2016-11-27 01:16:36 1311cc8c0fb3-6579: averageARIMA|subs.15|period 4|Done in 7.49438333511353"
[1] "2016-11-27 01:16:37 1311cc8c0fb3-6575: averageARIMA|subs.11|period 4|Done in 4.21081852912903"
[1] "2016-11-27 01:16:37 1311cc8c0fb3-6575: Starting"
[1] "2016-11-27 01:16:37 1311cc8c0fb3-6576: averageARIMA|subs.20|period 1|Done in 4.03060603141785"
[1] "2016-11-27 01:16:39 1311cc8c0fb3-6574: averageARIMA|subs.10|period 1|Done in 5.38627672195435"
[1] "2016-11-27 01:16:39 1311cc8c0fb3-6578: averageARIMA|subs.14|period 2|Done in 4.0597128868103"
[1] "2016-11-27 01:16:41 1311cc8c0fb3-6573: averageARIMA|subs.17|period 1|Done in 6.40200519561768"
[1] "2016-11-27 01:16:42 1311cc8c0fb3-6580: averageARIMA|subs.16|period 2|Done in 16.6869790554047"
[1] "2016-11-27 01:16:42 1311cc8c0fb3-6576: averageARIMA|subs.20|period 2|Done in 5.37255787849426"
[1] "2016-11-27 01:16:43 1311cc8c0fb3-6578: averageARIMA|subs.14|period 3|Done in 3.50540924072266"
[1] "2016-11-27 01:16:44 1311cc8c0fb3-6575: averageARIMA|subs.19|period 1|Done in 7.76017951965332"
[1] "2016-11-27 01:16:45 1311cc8c0fb3-6580: averageARIMA|subs.16|period 3|Done in 3.24986743927002"
[1] "2016-11-27 01:16:46 1311cc8c0fb3-6573: averageARIMA|subs.17|period 2|Done in 4.97720122337341"
[1] "2016-11-27 01:16:46 1311cc8c0fb3-6576: averageARIMA|subs.20|period 3|Done in 4.02616953849792"
[1] "2016-11-27 01:16:47 1311cc8c0fb3-6578: averageARIMA|subs.14|period 4|Done in 4.11923384666443"
[1] "2016-11-27 01:16:47 1311cc8c0fb3-6574: averageARIMA|subs.10|period 2|Done in 8.14325523376465"
[1] "2016-11-27 01:16:49 1311cc8c0fb3-6575: averageARIMA|subs.19|period 2|Done in 4.22411513328552"
[1] "2016-11-27 01:16:50 1311cc8c0fb3-6573: averageARIMA|subs.17|period 3|Done in 3.61535429954529"
[1] "2016-11-27 01:16:51 1311cc8c0fb3-6574: averageARIMA|subs.10|period 3|Done in 3.53850722312927"
[1] "2016-11-27 01:16:52 1311cc8c0fb3-6576: averageARIMA|subs.20|period 4|Done in 5.2899067401886"
[1] "2016-11-27 01:16:52 1311cc8c0fb3-6580: averageARIMA|subs.16|period 4|Done in 6.50613451004028"
[1] "2016-11-27 01:16:53 1311cc8c0fb3-6575: averageARIMA|subs.19|period 3|Done in 4.66352534294128"
[1] "2016-11-27 01:16:54 1311cc8c0fb3-6574: averageARIMA|subs.10|period 4|Done in 2.98849153518677"
[1] "2016-11-27 01:16:54 1311cc8c0fb3-6574: Starting"
[1] "2016-11-27 01:16:54 1311cc8c0fb3-6573: averageARIMA|subs.17|period 4|Done in 4.04603743553162"
[1] "2016-11-27 01:16:56 1311cc8c0fb3-6574: averageARIMA|subs.18|period 1|Done in 2.66293621063232"
[1] "2016-11-27 01:16:58 1311cc8c0fb3-6575: averageARIMA|subs.19|period 4|Done in 4.23087334632874"
[1] "2016-11-27 01:16:59 1311cc8c0fb3-6574: averageARIMA|subs.18|period 2|Done in 2.80565738677979"
[1] "2016-11-27 01:17:02 1311cc8c0fb3-6574: averageARIMA|subs.18|period 3|Done in 2.60784649848938"
[1] "2016-11-27 01:17:05 1311cc8c0fb3-6574: averageARIMA|subs.18|period 4|Done in 3.0936233997345"
[1] "2016-11-27 01:17:27 1311cc8c0fb3-6565: Running DSHW"
[1] "2016-11-27 01:17:27 1311cc8c0fb3-6581: Starting"
[1] "2016-11-27 01:17:27 1311cc8c0fb3-6582: Starting"
[1] "2016-11-27 01:17:27 1311cc8c0fb3-6583: Starting"
[1] "2016-11-27 01:17:27 1311cc8c0fb3-6584: Starting"
[1] "2016-11-27 01:17:27 1311cc8c0fb3-6585: Starting"
[1] "2016-11-27 01:17:27 1311cc8c0fb3-6586: Starting"
[1] "2016-11-27 01:17:27 1311cc8c0fb3-6587: Starting"
[1] "2016-11-27 01:17:27 1311cc8c0fb3-6588: Starting"
[1] "2016-11-27 01:18:31 1311cc8c0fb3-6587: OriginalDSHW|subs.7|period 1|Done in 63.1093866825104"
[1] "2016-11-27 01:18:32 1311cc8c0fb3-6588: OriginalDSHW|subs.8|period 1|Done in 64.684493303299"
[1] "2016-11-27 01:18:40 1311cc8c0fb3-6583: OriginalDSHW|subs.3|period 1|Done in 72.6813991069794"
[1] "2016-11-27 01:18:41 1311cc8c0fb3-6582: OriginalDSHW|subs.2|period 1|Done in 73.5357716083527"
[1] "2016-11-27 01:19:04 1311cc8c0fb3-6585: OriginalDSHW|subs.5|period 1|Done in 96.51185131073"
[1] "2016-11-27 01:19:06 1311cc8c0fb3-6584: OriginalDSHW|subs.4|period 1|Done in 98.6315264701843"
[1] "2016-11-27 01:19:31 1311cc8c0fb3-6581: OriginalDSHW|subs.1|period 1|Done in 123.362143039703"
[1] "2016-11-27 01:20:13 1311cc8c0fb3-6586: OriginalDSHW|subs.6|period 1|Done in 165.586136817932"
[1] "2016-11-27 01:20:18 1311cc8c0fb3-6583: OriginalDSHW|subs.3|period 2|Done in 98.1147224903107"
[1] "2016-11-27 01:20:26 1311cc8c0fb3-6588: OriginalDSHW|subs.8|period 2|Done in 113.679834842682"
[1] "2016-11-27 01:20:35 1311cc8c0fb3-6582: OriginalDSHW|subs.2|period 2|Done in 113.873817205429"
[1] "2016-11-27 01:20:42 1311cc8c0fb3-6585: OriginalDSHW|subs.5|period 2|Done in 98.2534704208374"
[1] "2016-11-27 01:20:50 1311cc8c0fb3-6581: OriginalDSHW|subs.1|period 2|Done in 79.6155066490173"
[1] "2016-11-27 01:21:05 1311cc8c0fb3-6587: OriginalDSHW|subs.7|period 2|Done in 154.891015052795"
[1] "2016-11-27 01:21:38 1311cc8c0fb3-6584: OriginalDSHW|subs.4|period 2|Done in 151.516832828522"
[1] "2016-11-27 01:21:58 1311cc8c0fb3-6586: OriginalDSHW|subs.6|period 2|Done in 104.791076183319"
[1] "2016-11-27 01:22:30 1311cc8c0fb3-6585: OriginalDSHW|subs.5|period 3|Done in 107.882815122604"
[1] "2016-11-27 01:22:37 1311cc8c0fb3-6583: OriginalDSHW|subs.3|period 3|Done in 138.737844705582"
[1] "2016-11-27 01:22:45 1311cc8c0fb3-6581: OriginalDSHW|subs.1|period 3|Done in 114.667107820511"
[1] "2016-11-27 01:22:55 1311cc8c0fb3-6582: OriginalDSHW|subs.2|period 3|Done in 139.817168235779"
[1] "2016-11-27 01:22:58 1311cc8c0fb3-6584: OriginalDSHW|subs.4|period 3|Done in 80.4893970489502"
[1] "2016-11-27 01:23:02 1311cc8c0fb3-6587: OriginalDSHW|subs.7|period 3|Done in 116.509612798691"
[1] "2016-11-27 01:23:15 1311cc8c0fb3-6588: OriginalDSHW|subs.8|period 3|Done in 169.447295665741"
[1] "2016-11-27 01:23:58 1311cc8c0fb3-6583: OriginalDSHW|subs.3|period 4|Done in 81.4174964427948"
[1] "2016-11-27 01:23:58 1311cc8c0fb3-6583: Starting"
[1] "2016-11-27 01:24:09 1311cc8c0fb3-6586: OriginalDSHW|subs.6|period 3|Done in 130.897970914841"
[1] "2016-11-27 01:24:14 1311cc8c0fb3-6584: OriginalDSHW|subs.4|period 4|Done in 76.1368281841278"
[1] "2016-11-27 01:24:14 1311cc8c0fb3-6584: Starting"
[1] "2016-11-27 01:24:17 1311cc8c0fb3-6585: OriginalDSHW|subs.5|period 4|Done in 106.508279561996"
[1] "2016-11-27 01:24:17 1311cc8c0fb3-6585: Starting"
[1] "2016-11-27 01:24:20 1311cc8c0fb3-6581: OriginalDSHW|subs.1|period 4|Done in 94.6417281627655"
[1] "2016-11-27 01:24:20 1311cc8c0fb3-6581: Starting"
[1] "2016-11-27 01:24:33 1311cc8c0fb3-6588: OriginalDSHW|subs.8|period 4|Done in 77.3290264606476"
[1] "2016-11-27 01:24:33 1311cc8c0fb3-6588: Starting"
[1] "2016-11-27 01:25:22 1311cc8c0fb3-6586: OriginalDSHW|subs.6|period 4|Done in 73.3359580039978"
[1] "2016-11-27 01:25:22 1311cc8c0fb3-6586: Starting"
[1] "2016-11-27 01:25:29 1311cc8c0fb3-6582: OriginalDSHW|subs.2|period 4|Done in 154.313858509064"
[1] "2016-11-27 01:25:29 1311cc8c0fb3-6582: Starting"
[1] "2016-11-27 01:25:36 1311cc8c0fb3-6585: OriginalDSHW|subs.13|period 1|Done in 79.5008144378662"
[1] "2016-11-27 01:25:41 1311cc8c0fb3-6587: OriginalDSHW|subs.7|period 4|Done in 158.529480457306"
[1] "2016-11-27 01:25:41 1311cc8c0fb3-6587: Starting"
[1] "2016-11-27 01:25:45 1311cc8c0fb3-6583: OriginalDSHW|subs.11|period 1|Done in 107.098688840866"
[1] "2016-11-27 01:25:55 1311cc8c0fb3-6581: OriginalDSHW|subs.9|period 1|Done in 95.0481612682343"
[1] "2016-11-27 01:26:07 1311cc8c0fb3-6588: OriginalDSHW|subs.16|period 1|Done in 93.8902986049652"
[1] "2016-11-27 01:26:24 1311cc8c0fb3-6584: OriginalDSHW|subs.12|period 1|Done in 129.67546749115"
[1] "2016-11-27 01:26:42 1311cc8c0fb3-6582: OriginalDSHW|subs.10|period 1|Done in 73.0728187561035"
[1] "2016-11-27 01:27:09 1311cc8c0fb3-6586: OriginalDSHW|subs.14|period 1|Done in 107.023517608643"
[1] "2016-11-27 01:27:20 1311cc8c0fb3-6585: OriginalDSHW|subs.13|period 2|Done in 104.227433443069"
[1] "2016-11-27 01:27:34 1311cc8c0fb3-6581: OriginalDSHW|subs.9|period 2|Done in 99.5751326084137"
[1] "2016-11-27 01:28:03 1311cc8c0fb3-6582: OriginalDSHW|subs.10|period 2|Done in 81.1828260421753"
[1] "2016-11-27 01:28:04 1311cc8c0fb3-6588: OriginalDSHW|subs.16|period 2|Done in 117.154517173767"
[1] "2016-11-27 01:28:29 1311cc8c0fb3-6587: OriginalDSHW|subs.15|period 1|Done in 168.439083814621"
[1] "2016-11-27 01:28:34 1311cc8c0fb3-6586: OriginalDSHW|subs.14|period 2|Done in 84.9160628318787"
[1] "2016-11-27 01:28:39 1311cc8c0fb3-6584: OriginalDSHW|subs.12|period 2|Done in 134.896327257156"
[1] "2016-11-27 01:29:04 1311cc8c0fb3-6583: OriginalDSHW|subs.11|period 2|Done in 198.90098285675"
[1] "2016-11-27 01:29:10 1311cc8c0fb3-6585: OriginalDSHW|subs.13|period 3|Done in 109.256973266602"
[1] "2016-11-27 01:29:37 1311cc8c0fb3-6581: OriginalDSHW|subs.9|period 3|Done in 122.747994184494"
[1] "2016-11-27 01:29:40 1311cc8c0fb3-6583: OriginalDSHW|subs.11|period 3|Done in 36.0883891582489"
[1] "2016-11-27 01:30:07 1311cc8c0fb3-6587: OriginalDSHW|subs.15|period 2|Done in 98.0511381626129"
[1] "2016-11-27 01:30:18 1311cc8c0fb3-6586: OriginalDSHW|subs.14|period 3|Done in 103.648917913437"
[1] "2016-11-27 01:30:31 1311cc8c0fb3-6584: OriginalDSHW|subs.12|period 3|Done in 112.382426738739"
[1] "2016-11-27 01:30:38 1311cc8c0fb3-6585: OriginalDSHW|subs.13|period 4|Done in 88.36181640625"
[1] "2016-11-27 01:30:45 1311cc8c0fb3-6588: OriginalDSHW|subs.16|period 3|Done in 161.599887132645"
[1] "2016-11-27 01:31:12 1311cc8c0fb3-6583: OriginalDSHW|subs.11|period 4|Done in 91.8446176052094"
[1] "2016-11-27 01:31:12 1311cc8c0fb3-6583: Starting"
[1] "2016-11-27 01:31:35 1311cc8c0fb3-6586: OriginalDSHW|subs.14|period 4|Done in 77.1863324642181"
[1] "2016-11-27 01:31:35 1311cc8c0fb3-6582: OriginalDSHW|subs.10|period 3|Done in 212.243442296982"
[1] "2016-11-27 01:31:39 1311cc8c0fb3-6587: OriginalDSHW|subs.15|period 3|Done in 92.2603542804718"
[1] "2016-11-27 01:31:41 1311cc8c0fb3-6581: OriginalDSHW|subs.9|period 4|Done in 123.981924295425"
[1] "2016-11-27 01:31:41 1311cc8c0fb3-6581: Starting"
[1] "2016-11-27 01:32:07 1311cc8c0fb3-6584: OriginalDSHW|subs.12|period 4|Done in 95.7360196113586"
[1] "2016-11-27 01:32:07 1311cc8c0fb3-6584: Starting"
[1] "2016-11-27 01:32:09 1311cc8c0fb3-6583: OriginalDSHW|subs.19|period 1|Done in 57.0776698589325"
[1] "2016-11-27 01:32:21 1311cc8c0fb3-6588: OriginalDSHW|subs.16|period 4|Done in 95.2391004562378"
[1] "2016-11-27 01:32:32 1311cc8c0fb3-6581: OriginalDSHW|subs.17|period 1|Done in 50.8755791187286"
[1] "2016-11-27 01:32:41 1311cc8c0fb3-6587: OriginalDSHW|subs.15|period 4|Done in 62.1486992835999"
[1] "2016-11-27 01:32:42 1311cc8c0fb3-6582: OriginalDSHW|subs.10|period 4|Done in 66.6001620292664"
[1] "2016-11-27 01:32:42 1311cc8c0fb3-6582: Starting"
[1] "2016-11-27 01:33:18 1311cc8c0fb3-6584: OriginalDSHW|subs.20|period 1|Done in 70.6728785037994"
[1] "2016-11-27 01:33:31 1311cc8c0fb3-6581: OriginalDSHW|subs.17|period 2|Done in 58.7207071781158"
[1] "2016-11-27 01:33:38 1311cc8c0fb3-6583: OriginalDSHW|subs.19|period 2|Done in 88.386500120163"
[1] "2016-11-27 01:33:44 1311cc8c0fb3-6582: OriginalDSHW|subs.18|period 1|Done in 62.0320205688477"
[1] "2016-11-27 01:34:25 1311cc8c0fb3-6581: OriginalDSHW|subs.17|period 3|Done in 54.3813629150391"
[1] "2016-11-27 01:34:44 1311cc8c0fb3-6584: OriginalDSHW|subs.20|period 2|Done in 86.4603636264801"
[1] "2016-11-27 01:34:46 1311cc8c0fb3-6582: OriginalDSHW|subs.18|period 2|Done in 62.1076576709747"
[1] "2016-11-27 01:34:55 1311cc8c0fb3-6583: OriginalDSHW|subs.19|period 3|Done in 77.6821274757385"
[1] "2016-11-27 01:35:33 1311cc8c0fb3-6581: OriginalDSHW|subs.17|period 4|Done in 68.4005737304688"
[1] "2016-11-27 01:35:54 1311cc8c0fb3-6584: OriginalDSHW|subs.20|period 3|Done in 69.616947889328"
[1] "2016-11-27 01:35:59 1311cc8c0fb3-6582: OriginalDSHW|subs.18|period 3|Done in 72.7030968666077"
[1] "2016-11-27 01:36:14 1311cc8c0fb3-6583: OriginalDSHW|subs.19|period 4|Done in 78.7637922763824"
[1] "2016-11-27 01:36:45 1311cc8c0fb3-6582: OriginalDSHW|subs.18|period 4|Done in 46.5159225463867"
[1] "2016-11-27 01:36:54 1311cc8c0fb3-6584: OriginalDSHW|subs.20|period 4|Done in 60.4864041805267"
[1] "2016-11-27 01:37:17 1311cc8c0fb3-6565: Running ModifiedDSHW"
[1] "2016-11-27 01:37:18 1311cc8c0fb3-6589: Starting"
[1] "2016-11-27 01:37:18 1311cc8c0fb3-6590: Starting"
[1] "2016-11-27 01:37:18 1311cc8c0fb3-6591: Starting"
[1] "2016-11-27 01:37:18 1311cc8c0fb3-6592: Starting"
[1] "2016-11-27 01:37:18 1311cc8c0fb3-6593: Starting"
[1] "2016-11-27 01:37:18 1311cc8c0fb3-6594: Starting"
[1] "2016-11-27 01:37:18 1311cc8c0fb3-6595: Starting"
[1] "2016-11-27 01:37:18 1311cc8c0fb3-6596: Starting"
[1] "2016-11-27 01:38:59 1311cc8c0fb3-6589: ModifiedDSHW|subs.1|period 1|Done in 101.592998743057"
[1] "2016-11-27 01:39:15 1311cc8c0fb3-6591: ModifiedDSHW|subs.3|period 1|Done in 117.554393291473"
[1] "2016-11-27 01:39:22 1311cc8c0fb3-6590: ModifiedDSHW|subs.2|period 1|Done in 124.576070547104"
[1] "2016-11-27 01:39:23 1311cc8c0fb3-6595: ModifiedDSHW|subs.7|period 1|Done in 125.158897399902"
[1] "2016-11-27 01:39:37 1311cc8c0fb3-6593: ModifiedDSHW|subs.5|period 1|Done in 138.994953155518"
[1] "2016-11-27 01:39:43 1311cc8c0fb3-6594: ModifiedDSHW|subs.6|period 1|Done in 145.278195381165"
[1] "2016-11-27 01:39:43 1311cc8c0fb3-6596: ModifiedDSHW|subs.8|period 1|Done in 145.5315721035"
[1] "2016-11-27 01:40:51 1311cc8c0fb3-6592: ModifiedDSHW|subs.4|period 1|Done in 213.407045125961"
[1] "2016-11-27 01:41:23 1311cc8c0fb3-6591: ModifiedDSHW|subs.3|period 2|Done in 127.25838470459"
[1] "2016-11-27 01:41:38 1311cc8c0fb3-6596: ModifiedDSHW|subs.8|period 2|Done in 114.73232293129"
[1] "2016-11-27 01:41:57 1311cc8c0fb3-6595: ModifiedDSHW|subs.7|period 2|Done in 154.389605998993"
[1] "2016-11-27 01:41:58 1311cc8c0fb3-6593: ModifiedDSHW|subs.5|period 2|Done in 140.956701755524"
[1] "2016-11-27 01:42:24 1311cc8c0fb3-6592: ModifiedDSHW|subs.4|period 2|Done in 92.8037612438202"
[1] "2016-11-27 01:42:51 1311cc8c0fb3-6594: ModifiedDSHW|subs.6|period 2|Done in 187.420423269272"
[1] "2016-11-27 01:43:05 1311cc8c0fb3-6589: ModifiedDSHW|subs.1|period 2|Done in 245.853296279907"
[1] "2016-11-27 01:43:11 1311cc8c0fb3-6591: ModifiedDSHW|subs.3|period 3|Done in 108.807153940201"
[1] "2016-11-27 01:43:38 1311cc8c0fb3-6590: ModifiedDSHW|subs.2|period 2|Done in 255.629421949387"
[1] "2016-11-27 01:44:06 1311cc8c0fb3-6596: ModifiedDSHW|subs.8|period 3|Done in 147.478160619736"
[1] "2016-11-27 01:44:19 1311cc8c0fb3-6594: ModifiedDSHW|subs.6|period 3|Done in 88.4443185329437"
[1] "2016-11-27 01:44:31 1311cc8c0fb3-6595: ModifiedDSHW|subs.7|period 3|Done in 153.065746545792"
[1] "2016-11-27 01:45:18 1311cc8c0fb3-6589: ModifiedDSHW|subs.1|period 3|Done in 132.924226522446"
[1] "2016-11-27 01:45:38 1311cc8c0fb3-6591: ModifiedDSHW|subs.3|period 4|Done in 146.417292356491"
[1] "2016-11-27 01:45:38 1311cc8c0fb3-6591: Starting"
[1] "2016-11-27 01:45:44 1311cc8c0fb3-6592: ModifiedDSHW|subs.4|period 3|Done in 199.468435525894"
[1] "2016-11-27 01:46:09 1311cc8c0fb3-6593: ModifiedDSHW|subs.5|period 3|Done in 250.749287843704"
[1] "2016-11-27 01:46:28 1311cc8c0fb3-6590: ModifiedDSHW|subs.2|period 3|Done in 170.17081284523"
[1] "2016-11-27 01:46:53 1311cc8c0fb3-6595: ModifiedDSHW|subs.7|period 4|Done in 142.715700626373"
[1] "2016-11-27 01:46:53 1311cc8c0fb3-6595: Starting"
[1] "2016-11-27 01:47:06 1311cc8c0fb3-6591: ModifiedDSHW|subs.11|period 1|Done in 88.0801503658295"
[1] "2016-11-27 01:48:24 1311cc8c0fb3-6590: ModifiedDSHW|subs.2|period 4|Done in 116.179235696793"
[1] "2016-11-27 01:48:24 1311cc8c0fb3-6590: Starting"
[1] "2016-11-27 01:48:32 1311cc8c0fb3-6593: ModifiedDSHW|subs.5|period 4|Done in 143.229521751404"
[1] "2016-11-27 01:48:32 1311cc8c0fb3-6593: Starting"
[1] "2016-11-27 01:48:41 1311cc8c0fb3-6592: ModifiedDSHW|subs.4|period 4|Done in 177.149587869644"
[1] "2016-11-27 01:48:41 1311cc8c0fb3-6592: Starting"
[1] "2016-11-27 01:48:58 1311cc8c0fb3-6594: ModifiedDSHW|subs.6|period 4|Done in 279.301605224609"
[1] "2016-11-27 01:48:58 1311cc8c0fb3-6594: Starting"
[1] "2016-11-27 01:49:15 1311cc8c0fb3-6589: ModifiedDSHW|subs.1|period 4|Done in 236.891908168793"
[1] "2016-11-27 01:49:15 1311cc8c0fb3-6589: Starting"
[1] "2016-11-27 01:49:43 1311cc8c0fb3-6591: ModifiedDSHW|subs.11|period 2|Done in 157.15315246582"
[1] "2016-11-27 01:50:04 1311cc8c0fb3-6596: ModifiedDSHW|subs.8|period 4|Done in 358.005739927292"
[1] "2016-11-27 01:50:04 1311cc8c0fb3-6596: Starting"
[1] "2016-11-27 01:50:37 1311cc8c0fb3-6593: ModifiedDSHW|subs.13|period 1|Done in 125.435261964798"
[1] "2016-11-27 01:50:55 1311cc8c0fb3-6595: ModifiedDSHW|subs.15|period 1|Done in 241.577867269516"
[1] "2016-11-27 01:51:05 1311cc8c0fb3-6594: ModifiedDSHW|subs.14|period 1|Done in 126.359852552414"
[1] "2016-11-27 01:51:14 1311cc8c0fb3-6592: ModifiedDSHW|subs.12|period 1|Done in 152.883792638779"
[1] "2016-11-27 01:51:28 1311cc8c0fb3-6589: ModifiedDSHW|subs.9|period 1|Done in 132.686537027359"
[1] "2016-11-27 01:52:13 1311cc8c0fb3-6593: ModifiedDSHW|subs.13|period 2|Done in 95.966824054718"
[1] "2016-11-27 01:52:36 1311cc8c0fb3-6595: ModifiedDSHW|subs.15|period 2|Done in 101.285620450974"
[1] "2016-11-27 01:53:09 1311cc8c0fb3-6591: ModifiedDSHW|subs.11|period 3|Done in 205.689047336578"
[1] "2016-11-27 01:53:12 1311cc8c0fb3-6590: ModifiedDSHW|subs.10|period 1|Done in 287.426708221436"
[1] "2016-11-27 01:53:13 1311cc8c0fb3-6592: ModifiedDSHW|subs.12|period 2|Done in 119.669866085052"
[1] "2016-11-27 01:53:22 1311cc8c0fb3-6594: ModifiedDSHW|subs.14|period 2|Done in 136.896347045898"
[1] "2016-11-27 01:53:55 1311cc8c0fb3-6589: ModifiedDSHW|subs.9|period 2|Done in 147.418531417847"
[1] "2016-11-27 01:54:20 1311cc8c0fb3-6596: ModifiedDSHW|subs.16|period 1|Done in 255.877832651138"
[1] "2016-11-27 01:54:29 1311cc8c0fb3-6595: ModifiedDSHW|subs.15|period 3|Done in 112.926710605621"
[1] "2016-11-27 01:55:00 1311cc8c0fb3-6594: ModifiedDSHW|subs.14|period 3|Done in 98.1117444038391"
[1] "2016-11-27 01:55:11 1311cc8c0fb3-6593: ModifiedDSHW|subs.13|period 3|Done in 177.618735074997"
[1] "2016-11-27 01:55:36 1311cc8c0fb3-6592: ModifiedDSHW|subs.12|period 3|Done in 142.291929483414"
[1] "2016-11-27 01:55:50 1311cc8c0fb3-6591: ModifiedDSHW|subs.11|period 4|Done in 161.35282087326"
[1] "2016-11-27 01:55:50 1311cc8c0fb3-6591: Starting"
[1] "2016-11-27 01:56:45 1311cc8c0fb3-6589: ModifiedDSHW|subs.9|period 3|Done in 169.676560878754"
[1] "2016-11-27 01:57:06 1311cc8c0fb3-6590: ModifiedDSHW|subs.10|period 2|Done in 234.640376567841"
[1] "2016-11-27 01:57:16 1311cc8c0fb3-6595: ModifiedDSHW|subs.15|period 4|Done in 166.995009899139"
[1] "2016-11-27 01:57:18 1311cc8c0fb3-6596: ModifiedDSHW|subs.16|period 2|Done in 178.877651691437"
[1] "2016-11-27 01:57:29 1311cc8c0fb3-6591: ModifiedDSHW|subs.19|period 1|Done in 99.10289478302"
[1] "2016-11-27 01:57:39 1311cc8c0fb3-6592: ModifiedDSHW|subs.12|period 4|Done in 123.614096403122"
[1] "2016-11-27 01:57:39 1311cc8c0fb3-6592: Starting"
[1] "2016-11-27 01:59:19 1311cc8c0fb3-6596: ModifiedDSHW|subs.16|period 3|Done in 120.544597148895"
[1] "2016-11-27 01:59:36 1311cc8c0fb3-6592: ModifiedDSHW|subs.20|period 1|Done in 116.824932575226"
[1] "2016-11-27 01:59:57 1311cc8c0fb3-6590: ModifiedDSHW|subs.10|period 3|Done in 170.988830089569"
[1] "2016-11-27 02:00:08 1311cc8c0fb3-6591: ModifiedDSHW|subs.19|period 2|Done in 158.486759185791"
[1] "2016-11-27 02:00:20 1311cc8c0fb3-6593: ModifiedDSHW|subs.13|period 4|Done in 309.58740234375"
[1] "2016-11-27 02:01:03 1311cc8c0fb3-6596: ModifiedDSHW|subs.16|period 4|Done in 104.507084608078"
[1] "2016-11-27 02:01:38 1311cc8c0fb3-6594: ModifiedDSHW|subs.14|period 4|Done in 398.218385457993"
[1] "2016-11-27 02:02:05 1311cc8c0fb3-6591: ModifiedDSHW|subs.19|period 3|Done in 117.569029808044"
[1] "2016-11-27 02:02:18 1311cc8c0fb3-6592: ModifiedDSHW|subs.20|period 2|Done in 161.946472883224"
[1] "2016-11-27 02:02:58 1311cc8c0fb3-6590: ModifiedDSHW|subs.10|period 4|Done in 180.7466776371"
[1] "2016-11-27 02:02:58 1311cc8c0fb3-6590: Starting"
[1] "2016-11-27 02:03:05 1311cc8c0fb3-6589: ModifiedDSHW|subs.9|period 4|Done in 379.826642990112"
[1] "2016-11-27 02:03:05 1311cc8c0fb3-6589: Starting"
[1] "2016-11-27 02:03:36 1311cc8c0fb3-6592: ModifiedDSHW|subs.20|period 3|Done in 78.4451072216034"
[1] "2016-11-27 02:03:38 1311cc8c0fb3-6591: ModifiedDSHW|subs.19|period 4|Done in 92.9285776615143"
[1] "2016-11-27 02:04:31 1311cc8c0fb3-6589: ModifiedDSHW|subs.17|period 1|Done in 86.7053127288818"
[1] "2016-11-27 02:04:39 1311cc8c0fb3-6590: ModifiedDSHW|subs.18|period 1|Done in 101.25462770462"
[1] "2016-11-27 02:05:57 1311cc8c0fb3-6589: ModifiedDSHW|subs.17|period 2|Done in 85.6830472946167"
[1] "2016-11-27 02:06:55 1311cc8c0fb3-6590: ModifiedDSHW|subs.18|period 2|Done in 135.35831952095"
[1] "2016-11-27 02:07:16 1311cc8c0fb3-6592: ModifiedDSHW|subs.20|period 4|Done in 219.595488786697"
[1] "2016-11-27 02:07:25 1311cc8c0fb3-6589: ModifiedDSHW|subs.17|period 3|Done in 87.8449068069458"
[1] "2016-11-27 02:08:16 1311cc8c0fb3-6590: ModifiedDSHW|subs.18|period 3|Done in 81.2623100280762"
[1] "2016-11-27 02:08:44 1311cc8c0fb3-6589: ModifiedDSHW|subs.17|period 4|Done in 79.3616044521332"
[1] "2016-11-27 02:09:37 1311cc8c0fb3-6590: ModifiedDSHW|subs.18|period 4|Done in 80.5130970478058"
[1] "2016-11-27 02:10:00 1311cc8c0fb3-6565: Running SemiParametric"
[1][1] "2016-11-27 02:10:03 1311cc8c0fb3-6597: Starting" "2016-11-27 02:10:03 1311cc8c0fb3-6604: Starting"

[1][1] "2016-11-27 02:10:03 1311cc8c0fb3-6599: Starting" "2016-11-27 02:10:03 1311cc8c0fb3-6601: Starting"

[1][1] "2016-11-27 02:10:03 1311cc8c0fb3-6603: Starting"
 "2016-11-27 02:10:03 1311cc8c0fb3-6602: Starting"
[1][1] "2016-11-27 02:10:03 1311cc8c0fb3-6600: Starting" "2016-11-27 02:10:03 1311cc8c0fb3-6598: Starting"

[1] "2016-11-27 02:11:09 1311cc8c0fb3-6603: semiParametric|subs.7|period 1|Done in 61.7514860630035"
[1] "2016-11-27 02:11:23 1311cc8c0fb3-6602: semiParametric|subs.6|period 1|Done in 76.5295391082764"
[1] "2016-11-27 02:11:37 1311cc8c0fb3-6597: semiParametric|subs.1|period 1|Done in 89.9597852230072"
[1] "2016-11-27 02:12:05 1311cc8c0fb3-6599: semiParametric|subs.3|period 1|Done in 118.363790273666"
[1] "2016-11-27 02:12:14 1311cc8c0fb3-6601: semiParametric|subs.5|period 1|Done in 127.509844303131"
[1] "2016-11-27 02:12:20 1311cc8c0fb3-6604: semiParametric|subs.8|period 1|Done in 133.382834911346"
[1] "2016-11-27 02:12:35 1311cc8c0fb3-6603: semiParametric|subs.7|period 2|Done in 86.5896813869476"
[1] "2016-11-27 02:12:49 1311cc8c0fb3-6602: semiParametric|subs.6|period 2|Done in 85.3578333854675"
[1] "2016-11-27 02:12:50 1311cc8c0fb3-6600: semiParametric|subs.4|period 1|Done in 163.272602558136"
[1] "2016-11-27 02:13:16 1311cc8c0fb3-6598: semiParametric|subs.2|period 1|Done in 189.310414075851"
[1] "2016-11-27 02:13:23 1311cc8c0fb3-6597: semiParametric|subs.1|period 2|Done in 105.865000247955"
[1] "2016-11-27 02:13:51 1311cc8c0fb3-6601: semiParametric|subs.5|period 2|Done in 96.7196366786957"
[1] "2016-11-27 02:13:54 1311cc8c0fb3-6603: semiParametric|subs.7|period 3|Done in 78.8878598213196"
[1] "2016-11-27 02:14:40 1311cc8c0fb3-6599: semiParametric|subs.3|period 2|Done in 154.496529340744"
[1] "2016-11-27 02:14:40 1311cc8c0fb3-6598: semiParametric|subs.2|period 2|Done in 83.9000203609467"
[1] "2016-11-27 02:14:41 1311cc8c0fb3-6602: semiParametric|subs.6|period 3|Done in 111.743002891541"
[1] "2016-11-27 02:15:13 1311cc8c0fb3-6601: semiParametric|subs.5|period 3|Done in 81.9470000267029"
[1] "2016-11-27 02:15:17 1311cc8c0fb3-6600: semiParametric|subs.4|period 2|Done in 146.384665727615"
[1] "2016-11-27 02:15:20 1311cc8c0fb3-6604: semiParametric|subs.8|period 2|Done in 179.291956186295"
[1] "2016-11-27 02:15:31 1311cc8c0fb3-6603: semiParametric|subs.7|period 4|Done in 96.9043819904327"
[1] "2016-11-27 02:15:31 1311cc8c0fb3-6603: Starting"
[1] "2016-11-27 02:16:05 1311cc8c0fb3-6602: semiParametric|subs.6|period 4|Done in 84.519143819809"
[1] "2016-11-27 02:16:05 1311cc8c0fb3-6602: Starting"
[1] "2016-11-27 02:16:15 1311cc8c0fb3-6597: semiParametric|subs.1|period 3|Done in 172.192988872528"
[1] "2016-11-27 02:16:22 1311cc8c0fb3-6598: semiParametric|subs.2|period 3|Done in 101.458115100861"
[1] "2016-11-27 02:16:40 1311cc8c0fb3-6599: semiParametric|subs.3|period 3|Done in 120.042088031769"
[1] "2016-11-27 02:16:46 1311cc8c0fb3-6604: semiParametric|subs.8|period 3|Done in 86.8550515174866"
[1] "2016-11-27 02:16:48 1311cc8c0fb3-6600: semiParametric|subs.4|period 3|Done in 91.6542944908142"
[1] "2016-11-27 02:17:00 1311cc8c0fb3-6603: semiParametric|subs.15|period 1|Done in 86.5116877555847"
[1] "2016-11-27 02:17:34 1311cc8c0fb3-6602: semiParametric|subs.14|period 1|Done in 86.961722612381"
[1] "2016-11-27 02:17:39 1311cc8c0fb3-6601: semiParametric|subs.5|period 4|Done in 145.469595909119"
[1] "2016-11-27 02:17:39 1311cc8c0fb3-6601: Starting"
[1] "2016-11-27 02:17:51 1311cc8c0fb3-6598: semiParametric|subs.2|period 4|Done in 89.1259253025055"
[1] "2016-11-27 02:17:51 1311cc8c0fb3-6598: Starting"
[1] "2016-11-27 02:18:12 1311cc8c0fb3-6603: semiParametric|subs.15|period 2|Done in 72.7394979000092"
[1] "2016-11-27 02:18:19 1311cc8c0fb3-6604: semiParametric|subs.8|period 4|Done in 92.1489822864532"
[1] "2016-11-27 02:18:19 1311cc8c0fb3-6604: Starting"
[1] "2016-11-27 02:18:44 1311cc8c0fb3-6600: semiParametric|subs.4|period 4|Done in 116.146466970444"
[1] "2016-11-27 02:18:44 1311cc8c0fb3-6600: Starting"
[1] "2016-11-27 02:18:48 1311cc8c0fb3-6602: semiParametric|subs.14|period 2|Done in 73.9362943172455"
[1] "2016-11-27 02:18:55 1311cc8c0fb3-6599: semiParametric|subs.3|period 4|Done in 134.723048686981"
[1] "2016-11-27 02:18:55 1311cc8c0fb3-6599: Starting"
[1] "2016-11-27 02:18:58 1311cc8c0fb3-6601: semiParametric|subs.13|period 1|Done in 77.7704925537109"
[1] "2016-11-27 02:19:18 1311cc8c0fb3-6598: semiParametric|subs.10|period 1|Done in 85.0608687400818"
[1] "2016-11-27 02:19:41 1311cc8c0fb3-6604: semiParametric|subs.16|period 1|Done in 80.1937873363495"
[1] "2016-11-27 02:20:13 1311cc8c0fb3-6603: semiParametric|subs.15|period 3|Done in 120.845263719559"
[1] "2016-11-27 02:20:25 1311cc8c0fb3-6600: semiParametric|subs.12|period 1|Done in 98.028345823288"
[1] "2016-11-27 02:20:27 1311cc8c0fb3-6602: semiParametric|subs.14|period 3|Done in 98.5871577262878"
[1] "2016-11-27 02:20:32 1311cc8c0fb3-6601: semiParametric|subs.13|period 2|Done in 93.7850778102875"
[1] "2016-11-27 02:20:35 1311cc8c0fb3-6598: semiParametric|subs.10|period 2|Done in 76.77401304245"
[1] "2016-11-27 02:20:40 1311cc8c0fb3-6597: semiParametric|subs.1|period 4|Done in 265.265408039093"
[1] "2016-11-27 02:20:40 1311cc8c0fb3-6597: Starting"
[1] "2016-11-27 02:21:36 1311cc8c0fb3-6603: semiParametric|subs.15|period 4|Done in 82.7430288791656"
[1] "2016-11-27 02:21:48 1311cc8c0fb3-6599: semiParametric|subs.11|period 1|Done in 171.248294830322"
[1] "2016-11-27 02:21:52 1311cc8c0fb3-6598: semiParametric|subs.10|period 3|Done in 76.9609954357147"
[1] "2016-11-27 02:21:54 1311cc8c0fb3-6597: semiParametric|subs.9|period 1|Done in 71.7400147914886"
[1] "2016-11-27 02:22:21 1311cc8c0fb3-6602: semiParametric|subs.14|period 4|Done in 114.3734998703"
[1] "2016-11-27 02:22:31 1311cc8c0fb3-6604: semiParametric|subs.16|period 2|Done in 170.104261875153"
[1] "2016-11-27 02:22:48 1311cc8c0fb3-6599: semiParametric|subs.11|period 2|Done in 59.7630097866058"
[1] "2016-11-27 02:22:50 1311cc8c0fb3-6600: semiParametric|subs.12|period 2|Done in 145.68208527565"
[1] "2016-11-27 02:23:15 1311cc8c0fb3-6601: semiParametric|subs.13|period 3|Done in 162.63453745842"
[1] "2016-11-27 02:23:20 1311cc8c0fb3-6597: semiParametric|subs.9|period 2|Done in 86.5034499168396"
[1] "2016-11-27 02:23:50 1311cc8c0fb3-6604: semiParametric|subs.16|period 3|Done in 78.608115196228"
[1] "2016-11-27 02:23:50 1311cc8c0fb3-6600: semiParametric|subs.12|period 3|Done in 59.4767699241638"
[1] "2016-11-27 02:23:55 1311cc8c0fb3-6598: semiParametric|subs.10|period 4|Done in 123.609561443329"
[1] "2016-11-27 02:23:55 1311cc8c0fb3-6598: Starting"
[1] "2016-11-27 02:24:08 1311cc8c0fb3-6599: semiParametric|subs.11|period 3|Done in 79.7917370796204"
[1] "2016-11-27 02:24:17 1311cc8c0fb3-6601: semiParametric|subs.13|period 4|Done in 62.5485656261444"
[1] "2016-11-27 02:24:47 1311cc8c0fb3-6600: semiParametric|subs.12|period 4|Done in 56.8444561958313"
[1] "2016-11-27 02:24:47 1311cc8c0fb3-6600: Starting"
[1] "2016-11-27 02:25:16 1311cc8c0fb3-6598: semiParametric|subs.18|period 1|Done in 79.1297609806061"
[1] "2016-11-27 02:25:21 1311cc8c0fb3-6599: semiParametric|subs.11|period 4|Done in 73.1583659648895"
[1] "2016-11-27 02:25:21 1311cc8c0fb3-6599: Starting"
[1] "2016-11-27 02:25:24 1311cc8c0fb3-6604: semiParametric|subs.16|period 4|Done in 94.3076391220093"
[1] "2016-11-27 02:25:25 1311cc8c0fb3-6597: semiParametric|subs.9|period 3|Done in 124.947724580765"
[1] "2016-11-27 02:26:03 1311cc8c0fb3-6598: semiParametric|subs.18|period 2|Done in 46.9847242832184"
[1] "2016-11-27 02:26:23 1311cc8c0fb3-6599: semiParametric|subs.19|period 1|Done in 60.1376445293427"
[1] "2016-11-27 02:26:26 1311cc8c0fb3-6600: semiParametric|subs.20|period 1|Done in 98.1699030399323"
[1] "2016-11-27 02:26:57 1311cc8c0fb3-6597: semiParametric|subs.9|period 4|Done in 91.3855254650116"
[1] "2016-11-27 02:26:57 1311cc8c0fb3-6597: Starting"
[1] "2016-11-27 02:27:17 1311cc8c0fb3-6598: semiParametric|subs.18|period 3|Done in 74.1622915267944"
[1] "2016-11-27 02:27:20 1311cc8c0fb3-6600: semiParametric|subs.20|period 2|Done in 53.6742358207703"
[1] "2016-11-27 02:27:23 1311cc8c0fb3-6599: semiParametric|subs.19|period 2|Done in 60.9280710220337"
[1] "2016-11-27 02:27:39 1311cc8c0fb3-6597: semiParametric|subs.17|period 1|Done in 41.0110964775085"
[1] "2016-11-27 02:28:12 1311cc8c0fb3-6600: semiParametric|subs.20|period 3|Done in 51.7017073631287"
[1] "2016-11-27 02:28:28 1311cc8c0fb3-6598: semiParametric|subs.18|period 4|Done in 70.3588519096375"
[1] "2016-11-27 02:28:30 1311cc8c0fb3-6597: semiParametric|subs.17|period 2|Done in 50.5698311328888"
[1] "2016-11-27 02:28:46 1311cc8c0fb3-6599: semiParametric|subs.19|period 3|Done in 82.5349183082581"
[1] "2016-11-27 02:29:07 1311cc8c0fb3-6600: semiParametric|subs.20|period 4|Done in 54.927880525589"
[1] "2016-11-27 02:29:59 1311cc8c0fb3-6597: semiParametric|subs.17|period 3|Done in 88.6898946762085"
[1] "2016-11-27 02:30:11 1311cc8c0fb3-6599: semiParametric|subs.19|period 4|Done in 85.2469952106476"
[1] "2016-11-27 02:31:52 1311cc8c0fb3-6597: semiParametric|subs.17|period 4|Done in 113.813482761383"
[1] "2016-11-27 02:32:14 1311cc8c0fb3-6565: Running TBATS"
[1] "2016-11-27 02:32:14 1311cc8c0fb3-6605: Starting"
[1] "2016-11-27 02:32:14 1311cc8c0fb3-6606: Starting"
[1] "2016-11-27 02:32:14 1311cc8c0fb3-6607: Starting"
[1] "2016-11-27 02:32:14 1311cc8c0fb3-6608: Starting"
[1] "2016-11-27 02:32:14 1311cc8c0fb3-6609: Starting"
[1] "2016-11-27 02:32:14 1311cc8c0fb3-6610: Starting"
[1] "2016-11-27 02:32:14 1311cc8c0fb3-6611: Starting"
[1] "2016-11-27 02:32:14 1311cc8c0fb3-6612: Starting"
[1] "2016-11-27 02:33:20 1311cc8c0fb3-6609: TBATS|subs.5|period 1|Done in 65.3517632484436"
[1] "2016-11-27 02:33:31 1311cc8c0fb3-6611: TBATS|subs.7|period 1|Done in 76.8933243751526"
[1] "2016-11-27 02:33:32 1311cc8c0fb3-6610: TBATS|subs.6|period 1|Done in 77.4432032108307"
[1] "2016-11-27 02:33:33 1311cc8c0fb3-6608: TBATS|subs.4|period 1|Done in 78.3605635166168"
[1] "2016-11-27 02:33:46 1311cc8c0fb3-6607: TBATS|subs.3|period 1|Done in 91.6684153079987"
[1] "2016-11-27 02:33:47 1311cc8c0fb3-6605: TBATS|subs.1|period 1|Done in 92.2377939224243"
[1] "2016-11-27 02:34:15 1311cc8c0fb3-6609: TBATS|subs.5|period 2|Done in 54.9737801551819"
[1] "2016-11-27 02:34:24 1311cc8c0fb3-6610: TBATS|subs.6|period 2|Done in 51.6609163284302"
[1] "2016-11-27 02:35:12 1311cc8c0fb3-6609: TBATS|subs.5|period 3|Done in 57.5335867404938"
[1] "2016-11-27 02:35:27 1311cc8c0fb3-6611: TBATS|subs.7|period 2|Done in 115.231996297836"
[1] "2016-11-27 02:35:27 1311cc8c0fb3-6608: TBATS|subs.4|period 2|Done in 114.081491470337"
[1] "2016-11-27 02:36:04 1311cc8c0fb3-6612: TBATS|subs.8|period 1|Done in 229.327167272568"
[1] "2016-11-27 02:36:05 1311cc8c0fb3-6606: TBATS|subs.2|period 1|Done in 230.207941532135"
[1] "2016-11-27 02:36:11 1311cc8c0fb3-6609: TBATS|subs.5|period 4|Done in 58.6615052223206"
[1] "2016-11-27 02:36:11 1311cc8c0fb3-6609: Starting"
[1] "2016-11-27 02:36:19 1311cc8c0fb3-6607: TBATS|subs.3|period 2|Done in 153.124186992645"
[1] "2016-11-27 02:36:23 1311cc8c0fb3-6610: TBATS|subs.6|period 3|Done in 119.810792684555"
[1] "2016-11-27 02:36:23 1311cc8c0fb3-6605: TBATS|subs.1|period 2|Done in 156.906389713287"
[1] "2016-11-27 02:36:42 1311cc8c0fb3-6611: TBATS|subs.7|period 3|Done in 75.1149082183838"
[1] "2016-11-27 02:36:57 1311cc8c0fb3-6608: TBATS|subs.4|period 3|Done in 90.3860156536102"
[1] "2016-11-27 02:37:11 1311cc8c0fb3-6606: TBATS|subs.2|period 2|Done in 66.4637649059296"
[1] "2016-11-27 02:37:20 1311cc8c0fb3-6612: TBATS|subs.8|period 2|Done in 75.7674841880798"
[1] "2016-11-27 02:37:34 1311cc8c0fb3-6611: TBATS|subs.7|period 4|Done in 51.9905247688293"
[1] "2016-11-27 02:37:34 1311cc8c0fb3-6611: Starting"
[1] "2016-11-27 02:37:41 1311cc8c0fb3-6610: TBATS|subs.6|period 4|Done in 77.4712982177734"
[1] "2016-11-27 02:37:41 1311cc8c0fb3-6610: Starting"
[1] "2016-11-27 02:38:11 1311cc8c0fb3-6609: TBATS|subs.13|period 1|Done in 119.713673591614"
[1] "2016-11-27 02:38:21 1311cc8c0fb3-6610: TBATS|subs.14|period 1|Done in 40.2627041339874"
[1] "2016-11-27 02:38:41 1311cc8c0fb3-6611: TBATS|subs.15|period 1|Done in 66.8092677593231"
[1] "2016-11-27 02:38:42 1311cc8c0fb3-6605: TBATS|subs.1|period 3|Done in 138.869652032852"
[1] "2016-11-27 02:38:45 1311cc8c0fb3-6606: TBATS|subs.2|period 3|Done in 94.0459356307983"
[1] "2016-11-27 02:38:58 1311cc8c0fb3-6607: TBATS|subs.3|period 3|Done in 158.980288982391"
[1] "2016-11-27 02:38:59 1311cc8c0fb3-6608: TBATS|subs.4|period 4|Done in 122.019670248032"
[1] "2016-11-27 02:38:59 1311cc8c0fb3-6608: Starting"
[1] "2016-11-27 02:39:01 1311cc8c0fb3-6612: TBATS|subs.8|period 3|Done in 100.988528728485"
[1] "2016-11-27 02:39:37 1311cc8c0fb3-6609: TBATS|subs.13|period 2|Done in 85.9867463111877"
[1] "2016-11-27 02:39:37 1311cc8c0fb3-6612: TBATS|subs.8|period 4|Done in 36.52525806427"
[1] "2016-11-27 02:39:37 1311cc8c0fb3-6612: Starting"
[1] "2016-11-27 02:39:39 1311cc8c0fb3-6610: TBATS|subs.14|period 2|Done in 77.6784834861755"
[1] "2016-11-27 02:39:45 1311cc8c0fb3-6611: TBATS|subs.15|period 2|Done in 64.1279485225677"
[1] "2016-11-27 02:40:24 1311cc8c0fb3-6608: TBATS|subs.12|period 1|Done in 84.8450555801392"
[1] "2016-11-27 02:40:30 1311cc8c0fb3-6607: TBATS|subs.3|period 4|Done in 92.2081196308136"
[1] "2016-11-27 02:40:30 1311cc8c0fb3-6607: Starting"
[1] "2016-11-27 02:40:35 1311cc8c0fb3-6612: TBATS|subs.16|period 1|Done in 57.7880752086639"
[1] "2016-11-27 02:40:38 1311cc8c0fb3-6606: TBATS|subs.2|period 4|Done in 113.335155487061"
[1] "2016-11-27 02:40:38 1311cc8c0fb3-6606: Starting"
[1] "2016-11-27 02:40:41 1311cc8c0fb3-6611: TBATS|subs.15|period 3|Done in 56.6186153888702"
[1] "2016-11-27 02:41:13 1311cc8c0fb3-6609: TBATS|subs.13|period 3|Done in 96.4938352108002"
[1] "2016-11-27 02:41:31 1311cc8c0fb3-6606: TBATS|subs.10|period 1|Done in 53.0200500488281"
[1] "2016-11-27 02:41:39 1311cc8c0fb3-6610: TBATS|subs.14|period 3|Done in 120.726434230804"
[1] "2016-11-27 02:41:56 1311cc8c0fb3-6608: TBATS|subs.12|period 2|Done in 91.7047686576843"
[1] "2016-11-27 02:41:57 1311cc8c0fb3-6612: TBATS|subs.16|period 2|Done in 82.084287405014"
[1] "2016-11-27 02:41:58 1311cc8c0fb3-6607: TBATS|subs.11|period 1|Done in 87.4636318683624"
[1] "2016-11-27 02:42:09 1311cc8c0fb3-6605: TBATS|subs.1|period 4|Done in 206.220540523529"
[1] "2016-11-27 02:42:09 1311cc8c0fb3-6605: Starting"
[1] "2016-11-27 02:42:12 1311cc8c0fb3-6611: TBATS|subs.15|period 4|Done in 91.2106087207794"
[1] "2016-11-27 02:42:32 1311cc8c0fb3-6610: TBATS|subs.14|period 4|Done in 52.0432555675507"
[1] "2016-11-27 02:42:35 1311cc8c0fb3-6609: TBATS|subs.13|period 4|Done in 82.087967634201"
[1] "2016-11-27 02:42:40 1311cc8c0fb3-6607: TBATS|subs.11|period 2|Done in 42.0285024642944"
[1] "2016-11-27 02:42:52 1311cc8c0fb3-6612: TBATS|subs.16|period 3|Done in 54.7685921192169"
[1] "2016-11-27 02:43:04 1311cc8c0fb3-6608: TBATS|subs.12|period 3|Done in 68.6086003780365"
[1] "2016-11-27 02:43:09 1311cc8c0fb3-6606: TBATS|subs.10|period 2|Done in 97.2881052494049"
[1] "2016-11-27 02:43:33 1311cc8c0fb3-6607: TBATS|subs.11|period 3|Done in 53.3502886295319"
[1] "2016-11-27 02:43:39 1311cc8c0fb3-6605: TBATS|subs.9|period 1|Done in 90.7125360965729"
[1] "2016-11-27 02:44:14 1311cc8c0fb3-6607: TBATS|subs.11|period 4|Done in 40.3332560062408"
[1] "2016-11-27 02:44:14 1311cc8c0fb3-6607: Starting"
[1] "2016-11-27 02:44:19 1311cc8c0fb3-6608: TBATS|subs.12|period 4|Done in 74.35622215271"
[1] "2016-11-27 02:44:19 1311cc8c0fb3-6608: Starting"
[1] "2016-11-27 02:44:37 1311cc8c0fb3-6605: TBATS|subs.9|period 2|Done in 57.9066843986511"
[1] "2016-11-27 02:44:38 1311cc8c0fb3-6612: TBATS|subs.16|period 4|Done in 105.994233608246"
[1] "2016-11-27 02:44:38 1311cc8c0fb3-6606: TBATS|subs.10|period 3|Done in 89.7023983001709"
[1] "2016-11-27 02:44:57 1311cc8c0fb3-6607: TBATS|subs.19|period 1|Done in 43.7161536216736"
[1] "2016-11-27 02:45:17 1311cc8c0fb3-6606: TBATS|subs.10|period 4|Done in 38.4332058429718"
[1] "2016-11-27 02:45:17 1311cc8c0fb3-6606: Starting"
[1] "2016-11-27 02:45:23 1311cc8c0fb3-6605: TBATS|subs.9|period 3|Done in 46.0539410114288"
[1] "2016-11-27 02:45:47 1311cc8c0fb3-6607: TBATS|subs.19|period 2|Done in 49.6036462783813"
[1] "2016-11-27 02:45:50 1311cc8c0fb3-6608: TBATS|subs.20|period 1|Done in 90.8580753803253"
[1] "2016-11-27 02:45:52 1311cc8c0fb3-6606: TBATS|subs.18|period 1|Done in 34.8186597824097"
[1] "2016-11-27 02:46:11 1311cc8c0fb3-6605: TBATS|subs.9|period 4|Done in 47.2629194259644"
[1] "2016-11-27 02:46:11 1311cc8c0fb3-6605: Starting"
[1] "2016-11-27 02:46:51 1311cc8c0fb3-6607: TBATS|subs.19|period 3|Done in 63.7692196369171"
[1] "2016-11-27 02:47:06 1311cc8c0fb3-6606: TBATS|subs.18|period 2|Done in 74.116156578064"
[1] "2016-11-27 02:47:09 1311cc8c0fb3-6605: TBATS|subs.17|period 1|Done in 58.3911583423615"
[1] "2016-11-27 02:47:28 1311cc8c0fb3-6608: TBATS|subs.20|period 2|Done in 98.643438577652"
[1] "2016-11-27 02:47:59 1311cc8c0fb3-6605: TBATS|subs.17|period 2|Done in 49.8486561775208"
[1] "2016-11-27 02:48:00 1311cc8c0fb3-6607: TBATS|subs.19|period 4|Done in 69.7591361999512"
[1] "2016-11-27 02:48:11 1311cc8c0fb3-6606: TBATS|subs.18|period 3|Done in 64.7439868450165"
[1] "2016-11-27 02:48:16 1311cc8c0fb3-6608: TBATS|subs.20|period 3|Done in 47.2586185932159"
[1] "2016-11-27 02:48:37 1311cc8c0fb3-6605: TBATS|subs.17|period 3|Done in 38.1161630153656"
[1] "2016-11-27 02:48:58 1311cc8c0fb3-6608: TBATS|subs.20|period 4|Done in 42.2084002494812"
[1] "2016-11-27 02:49:16 1311cc8c0fb3-6606: TBATS|subs.18|period 4|Done in 65.299501657486"
[1] "2016-11-27 02:49:32 1311cc8c0fb3-6605: TBATS|subs.17|period 4|Done in 55.4150109291077"
